{"C:\\git\\calculator\\frontend\\src\\App.tsx": {"path":"C:\\git\\calculator\\frontend\\src\\App.tsx","all":true,"statementMap":{"0":{"start":{"line":1,"column":0},"end":{"line":1,"column":36}},"1":{"start":{"line":2,"column":0},"end":{"line":2,"column":52}},"2":{"start":{"line":3,"column":0},"end":{"line":3,"column":66}},"3":{"start":{"line":4,"column":0},"end":{"line":4,"column":53}},"5":{"start":{"line":6,"column":0},"end":{"line":6,"column":27}},"6":{"start":{"line":7,"column":0},"end":{"line":7,"column":12}},"7":{"start":{"line":8,"column":0},"end":{"line":8,"column":17}},"8":{"start":{"line":9,"column":0},"end":{"line":9,"column":17}},"9":{"start":{"line":10,"column":0},"end":{"line":10,"column":25}},"10":{"start":{"line":11,"column":0},"end":{"line":11,"column":23}},"11":{"start":{"line":12,"column":0},"end":{"line":12,"column":6}},"12":{"start":{"line":13,"column":0},"end":{"line":13,"column":14}},"13":{"start":{"line":14,"column":0},"end":{"line":14,"column":22}},"14":{"start":{"line":15,"column":0},"end":{"line":15,"column":6}},"15":{"start":{"line":16,"column":0},"end":{"line":16,"column":16}},"16":{"start":{"line":17,"column":0},"end":{"line":17,"column":22}},"17":{"start":{"line":18,"column":0},"end":{"line":18,"column":6}},"18":{"start":{"line":19,"column":0},"end":{"line":19,"column":4}},"19":{"start":{"line":20,"column":0},"end":{"line":20,"column":10}},"20":{"start":{"line":21,"column":0},"end":{"line":21,"column":21}},"21":{"start":{"line":22,"column":0},"end":{"line":22,"column":4}},"22":{"start":{"line":23,"column":0},"end":{"line":23,"column":15}},"23":{"start":{"line":24,"column":0},"end":{"line":24,"column":76}},"24":{"start":{"line":25,"column":0},"end":{"line":25,"column":4}},"25":{"start":{"line":26,"column":0},"end":{"line":26,"column":3}},"27":{"start":{"line":28,"column":0},"end":{"line":28,"column":23}},"28":{"start":{"line":29,"column":0},"end":{"line":29,"column":10}},"29":{"start":{"line":30,"column":0},"end":{"line":30,"column":33}},"30":{"start":{"line":31,"column":0},"end":{"line":31,"column":21}},"31":{"start":{"line":32,"column":0},"end":{"line":32,"column":10}},"32":{"start":{"line":33,"column":0},"end":{"line":33,"column":24}},"33":{"start":{"line":34,"column":0},"end":{"line":34,"column":13}},"34":{"start":{"line":35,"column":0},"end":{"line":35,"column":30}},"35":{"start":{"line":36,"column":0},"end":{"line":36,"column":26}},"36":{"start":{"line":37,"column":0},"end":{"line":37,"column":31}},"37":{"start":{"line":38,"column":0},"end":{"line":38,"column":35}},"38":{"start":{"line":39,"column":0},"end":{"line":39,"column":33}},"39":{"start":{"line":40,"column":0},"end":{"line":40,"column":31}},"40":{"start":{"line":41,"column":0},"end":{"line":41,"column":40}},"41":{"start":{"line":42,"column":0},"end":{"line":42,"column":10}},"43":{"start":{"line":44,"column":0},"end":{"line":44,"column":22}},"44":{"start":{"line":45,"column":0},"end":{"line":45,"column":12}},"45":{"start":{"line":46,"column":0},"end":{"line":46,"column":20}},"47":{"start":{"line":48,"column":0},"end":{"line":48,"column":1}}},"s":{"0":0,"1":0,"2":0,"3":0,"5":0,"6":0,"7":0,"8":0,"9":0,"10":0,"11":0,"12":0,"13":0,"14":0,"15":0,"16":0,"17":0,"18":0,"19":0,"20":0,"21":0,"22":0,"23":0,"24":0,"25":0,"27":0,"28":0,"29":0,"30":0,"31":0,"32":0,"33":0,"34":0,"35":0,"36":0,"37":0,"38":0,"39":0,"40":0,"41":0,"43":0,"44":0,"45":0,"47":0},"branchMap":{"0":{"type":"branch","line":1,"loc":{"start":{"line":1,"column":1087},"end":{"line":48,"column":1}},"locations":[{"start":{"line":1,"column":1087},"end":{"line":48,"column":1}}]}},"b":{"0":[0]},"fnMap":{"0":{"name":"(empty-report)","decl":{"start":{"line":1,"column":1087},"end":{"line":48,"column":1}},"loc":{"start":{"line":1,"column":1087},"end":{"line":48,"column":1}},"line":1}},"f":{"0":0}}
,"C:\\git\\calculator\\frontend\\src\\api\\calculatorClient.ts": {"path":"C:\\git\\calculator\\frontend\\src\\api\\calculatorClient.ts","all":false,"statementMap":{"0":{"start":{"line":1,"column":0},"end":{"line":1,"column":43}},"7":{"start":{"line":8,"column":0},"end":{"line":8,"column":47}},"8":{"start":{"line":9,"column":0},"end":{"line":9,"column":24}},"10":{"start":{"line":11,"column":0},"end":{"line":11,"column":46}},"11":{"start":{"line":12,"column":0},"end":{"line":12,"column":19}},"12":{"start":{"line":13,"column":0},"end":{"line":13,"column":37}},"13":{"start":{"line":14,"column":0},"end":{"line":14,"column":21}},"14":{"start":{"line":15,"column":0},"end":{"line":15,"column":3}},"15":{"start":{"line":16,"column":0},"end":{"line":16,"column":1}},"17":{"start":{"line":18,"column":0},"end":{"line":18,"column":73}},"18":{"start":{"line":19,"column":0},"end":{"line":19,"column":58}},"19":{"start":{"line":20,"column":0},"end":{"line":20,"column":1}},"21":{"start":{"line":22,"column":0},"end":{"line":22,"column":32}},"22":{"start":{"line":23,"column":0},"end":{"line":23,"column":28}},"23":{"start":{"line":24,"column":0},"end":{"line":24,"column":34}},"24":{"start":{"line":25,"column":0},"end":{"line":25,"column":20}},"25":{"start":{"line":26,"column":0},"end":{"line":26,"column":25}},"26":{"start":{"line":27,"column":0},"end":{"line":27,"column":7}},"27":{"start":{"line":28,"column":0},"end":{"line":28,"column":53}},"28":{"start":{"line":29,"column":0},"end":{"line":29,"column":21}},"29":{"start":{"line":30,"column":0},"end":{"line":30,"column":54}},"30":{"start":{"line":31,"column":0},"end":{"line":31,"column":36}},"31":{"start":{"line":32,"column":0},"end":{"line":32,"column":7}},"32":{"start":{"line":33,"column":0},"end":{"line":33,"column":11}},"33":{"start":{"line":34,"column":0},"end":{"line":34,"column":85}},"34":{"start":{"line":35,"column":0},"end":{"line":35,"column":3}},"36":{"start":{"line":37,"column":0},"end":{"line":37,"column":37}},"37":{"start":{"line":38,"column":0},"end":{"line":38,"column":23}},"38":{"start":{"line":39,"column":0},"end":{"line":39,"column":7}},"39":{"start":{"line":40,"column":0},"end":{"line":40,"column":45}},"40":{"start":{"line":41,"column":0},"end":{"line":41,"column":11}},"41":{"start":{"line":42,"column":0},"end":{"line":42,"column":94}},"42":{"start":{"line":43,"column":0},"end":{"line":43,"column":3}},"44":{"start":{"line":45,"column":0},"end":{"line":45,"column":20}},"45":{"start":{"line":46,"column":0},"end":{"line":46,"column":49}},"46":{"start":{"line":47,"column":0},"end":{"line":47,"column":82}},"47":{"start":{"line":48,"column":0},"end":{"line":48,"column":101}},"48":{"start":{"line":49,"column":0},"end":{"line":49,"column":5}},"49":{"start":{"line":50,"column":0},"end":{"line":50,"column":26}},"50":{"start":{"line":51,"column":0},"end":{"line":51,"column":3}},"52":{"start":{"line":53,"column":0},"end":{"line":53,"column":52}},"53":{"start":{"line":54,"column":0},"end":{"line":54,"column":67}},"54":{"start":{"line":55,"column":0},"end":{"line":55,"column":55}},"55":{"start":{"line":56,"column":0},"end":{"line":56,"column":46}},"56":{"start":{"line":57,"column":0},"end":{"line":57,"column":1}}},"s":{"0":1,"7":1,"8":4,"10":4,"11":4,"12":4,"13":4,"14":4,"15":4,"17":1,"18":10,"19":10,"21":9,"22":9,"23":9,"24":9,"25":9,"26":9,"27":9,"28":9,"29":9,"30":9,"31":9,"32":9,"33":1,"34":1,"36":8,"37":8,"38":8,"39":9,"40":9,"41":1,"42":1,"44":9,"45":5,"46":5,"47":0,"48":0,"49":5,"50":5,"52":2,"53":9,"54":9,"55":9,"56":9},"branchMap":{"0":{"type":"branch","line":8,"loc":{"start":{"line":8,"column":46},"end":{"line":16,"column":1}},"locations":[{"start":{"line":8,"column":46},"end":{"line":16,"column":1}}]},"1":{"type":"branch","line":11,"loc":{"start":{"line":11,"column":2},"end":{"line":15,"column":3}},"locations":[{"start":{"line":11,"column":2},"end":{"line":15,"column":3}}]},"2":{"type":"branch","line":18,"loc":{"start":{"line":18,"column":7},"end":{"line":20,"column":1}},"locations":[{"start":{"line":18,"column":7},"end":{"line":20,"column":1}}]},"3":{"type":"branch","line":22,"loc":{"start":{"line":22,"column":0},"end":{"line":57,"column":1}},"locations":[{"start":{"line":22,"column":0},"end":{"line":57,"column":1}}]},"4":{"type":"branch","line":32,"loc":{"start":{"line":32,"column":5},"end":{"line":33,"column":10}},"locations":[{"start":{"line":32,"column":5},"end":{"line":33,"column":10}}]},"5":{"type":"branch","line":33,"loc":{"start":{"line":33,"column":2},"end":{"line":35,"column":3}},"locations":[{"start":{"line":33,"column":2},"end":{"line":35,"column":3}}]},"6":{"type":"branch","line":35,"loc":{"start":{"line":35,"column":2},"end":{"line":40,"column":40}},"locations":[{"start":{"line":35,"column":2},"end":{"line":40,"column":40}}]},"7":{"type":"branch","line":40,"loc":{"start":{"line":40,"column":36},"end":{"line":40,"column":45}},"locations":[{"start":{"line":40,"column":36},"end":{"line":40,"column":45}}]},"8":{"type":"branch","line":41,"loc":{"start":{"line":41,"column":2},"end":{"line":43,"column":3}},"locations":[{"start":{"line":41,"column":2},"end":{"line":43,"column":3}}]},"9":{"type":"branch","line":43,"loc":{"start":{"line":43,"column":2},"end":{"line":45,"column":19}},"locations":[{"start":{"line":43,"column":2},"end":{"line":45,"column":19}}]},"10":{"type":"branch","line":45,"loc":{"start":{"line":45,"column":19},"end":{"line":54,"column":45}},"locations":[{"start":{"line":45,"column":19},"end":{"line":54,"column":45}}]},"11":{"type":"branch","line":45,"loc":{"start":{"line":45,"column":19},"end":{"line":51,"column":3}},"locations":[{"start":{"line":45,"column":19},"end":{"line":51,"column":3}}]},"12":{"type":"branch","line":47,"loc":{"start":{"line":47,"column":81},"end":{"line":49,"column":5}},"locations":[{"start":{"line":47,"column":81},"end":{"line":49,"column":5}}]},"13":{"type":"branch","line":51,"loc":{"start":{"line":51,"column":2},"end":{"line":54,"column":45}},"locations":[{"start":{"line":51,"column":2},"end":{"line":54,"column":45}}]},"14":{"type":"branch","line":54,"loc":{"start":{"line":54,"column":34},"end":{"line":54,"column":67}},"locations":[{"start":{"line":54,"column":34},"end":{"line":54,"column":67}}]},"15":{"type":"branch","line":55,"loc":{"start":{"line":55,"column":15},"end":{"line":55,"column":39}},"locations":[{"start":{"line":55,"column":15},"end":{"line":55,"column":39}}]},"16":{"type":"branch","line":55,"loc":{"start":{"line":55,"column":31},"end":{"line":55,"column":55}},"locations":[{"start":{"line":55,"column":31},"end":{"line":55,"column":55}}]}},"b":{"0":[4],"1":[4],"2":[10],"3":[9],"4":[8],"5":[1],"6":[8],"7":[0],"8":[1],"9":[7],"10":[6],"11":[5],"12":[0],"13":[2],"14":[0],"15":[2],"16":[0]},"fnMap":{"0":{"name":"<instance_members_initializer>","decl":{"start":{"line":8,"column":46},"end":{"line":16,"column":1}},"loc":{"start":{"line":8,"column":46},"end":{"line":16,"column":1}},"line":8},"1":{"name":"CalculatorApiError","decl":{"start":{"line":11,"column":2},"end":{"line":15,"column":3}},"loc":{"start":{"line":11,"column":2},"end":{"line":15,"column":3}},"line":11},"2":{"name":"buildCalculateUrl","decl":{"start":{"line":18,"column":7},"end":{"line":20,"column":1}},"loc":{"start":{"line":18,"column":7},"end":{"line":20,"column":1}},"line":18},"3":{"name":"calculate","decl":{"start":{"line":22,"column":0},"end":{"line":57,"column":1}},"loc":{"start":{"line":22,"column":0},"end":{"line":57,"column":1}},"line":22}},"f":{"0":4,"1":4,"2":10,"3":9}}
,"C:\\git\\calculator\\frontend\\src\\components\\Calculator.tsx": {"path":"C:\\git\\calculator\\frontend\\src\\components\\Calculator.tsx","all":false,"statementMap":{"0":{"start":{"line":1,"column":0},"end":{"line":1,"column":40}},"1":{"start":{"line":2,"column":0},"end":{"line":2,"column":57}},"2":{"start":{"line":3,"column":0},"end":{"line":3,"column":72}},"3":{"start":{"line":4,"column":0},"end":{"line":4,"column":71}},"5":{"start":{"line":6,"column":0},"end":{"line":6,"column":55}},"6":{"start":{"line":7,"column":0},"end":{"line":7,"column":8}},"11":{"start":{"line":12,"column":0},"end":{"line":12,"column":66}},"12":{"start":{"line":13,"column":0},"end":{"line":13,"column":56}},"13":{"start":{"line":14,"column":0},"end":{"line":14,"column":54}},"15":{"start":{"line":16,"column":0},"end":{"line":16,"column":30}},"16":{"start":{"line":17,"column":0},"end":{"line":17,"column":82}},"18":{"start":{"line":19,"column":0},"end":{"line":19,"column":37}},"19":{"start":{"line":20,"column":0},"end":{"line":20,"column":70}},"20":{"start":{"line":21,"column":0},"end":{"line":21,"column":41}},"21":{"start":{"line":22,"column":0},"end":{"line":22,"column":21}},"22":{"start":{"line":23,"column":0},"end":{"line":23,"column":89}},"23":{"start":{"line":24,"column":0},"end":{"line":24,"column":15}},"24":{"start":{"line":25,"column":0},"end":{"line":25,"column":7}},"25":{"start":{"line":26,"column":0},"end":{"line":26,"column":46}},"26":{"start":{"line":27,"column":0},"end":{"line":27,"column":11}},"27":{"start":{"line":28,"column":0},"end":{"line":28,"column":48}},"28":{"start":{"line":29,"column":0},"end":{"line":29,"column":58}},"29":{"start":{"line":30,"column":0},"end":{"line":30,"column":21}},"30":{"start":{"line":31,"column":0},"end":{"line":31,"column":23}},"31":{"start":{"line":32,"column":0},"end":{"line":32,"column":43}},"32":{"start":{"line":33,"column":0},"end":{"line":33,"column":25}},"33":{"start":{"line":34,"column":0},"end":{"line":34,"column":46}},"34":{"start":{"line":35,"column":0},"end":{"line":35,"column":57}},"35":{"start":{"line":36,"column":0},"end":{"line":36,"column":7}},"36":{"start":{"line":37,"column":0},"end":{"line":37,"column":6}},"37":{"start":{"line":38,"column":0},"end":{"line":38,"column":7}},"38":{"start":{"line":39,"column":0},"end":{"line":39,"column":4}},"40":{"start":{"line":41,"column":0},"end":{"line":41,"column":42}},"41":{"start":{"line":42,"column":0},"end":{"line":42,"column":60}},"42":{"start":{"line":43,"column":0},"end":{"line":43,"column":30}},"44":{"start":{"line":45,"column":0},"end":{"line":45,"column":40}},"45":{"start":{"line":46,"column":0},"end":{"line":46,"column":55}},"46":{"start":{"line":47,"column":0},"end":{"line":47,"column":30}},"48":{"start":{"line":49,"column":0},"end":{"line":49,"column":33}},"49":{"start":{"line":50,"column":0},"end":{"line":50,"column":12}},"50":{"start":{"line":51,"column":0},"end":{"line":51,"column":69}},"51":{"start":{"line":52,"column":0},"end":{"line":52,"column":53}},"52":{"start":{"line":53,"column":0},"end":{"line":53,"column":49}},"53":{"start":{"line":54,"column":0},"end":{"line":54,"column":57}},"54":{"start":{"line":55,"column":0},"end":{"line":55,"column":29}},"55":{"start":{"line":56,"column":0},"end":{"line":56,"column":25}},"56":{"start":{"line":57,"column":0},"end":{"line":57,"column":43}},"57":{"start":{"line":58,"column":0},"end":{"line":58,"column":58}},"58":{"start":{"line":59,"column":0},"end":{"line":59,"column":7}},"59":{"start":{"line":60,"column":0},"end":{"line":60,"column":31}},"60":{"start":{"line":61,"column":0},"end":{"line":61,"column":4}},"62":{"start":{"line":63,"column":0},"end":{"line":63,"column":47}},"64":{"start":{"line":65,"column":0},"end":{"line":65,"column":24}},"65":{"start":{"line":66,"column":0},"end":{"line":66,"column":94}},"66":{"start":{"line":67,"column":0},"end":{"line":67,"column":76}},"67":{"start":{"line":68,"column":0},"end":{"line":68,"column":11}},"69":{"start":{"line":70,"column":0},"end":{"line":70,"column":10}},"70":{"start":{"line":71,"column":0},"end":{"line":71,"column":10}},"71":{"start":{"line":72,"column":0},"end":{"line":72,"column":19}},"72":{"start":{"line":73,"column":0},"end":{"line":73,"column":30}},"73":{"start":{"line":74,"column":0},"end":{"line":74,"column":11}},"74":{"start":{"line":75,"column":0},"end":{"line":75,"column":22}},"75":{"start":{"line":76,"column":0},"end":{"line":76,"column":42}},"76":{"start":{"line":77,"column":0},"end":{"line":77,"column":30}},"77":{"start":{"line":78,"column":0},"end":{"line":78,"column":24}},"78":{"start":{"line":79,"column":0},"end":{"line":79,"column":36}},"79":{"start":{"line":80,"column":0},"end":{"line":80,"column":18}},"80":{"start":{"line":81,"column":0},"end":{"line":81,"column":32}},"81":{"start":{"line":82,"column":0},"end":{"line":82,"column":53}},"82":{"start":{"line":83,"column":0},"end":{"line":83,"column":8}},"84":{"start":{"line":85,"column":0},"end":{"line":85,"column":24}},"85":{"start":{"line":86,"column":0},"end":{"line":86,"column":31}},"86":{"start":{"line":87,"column":0},"end":{"line":87,"column":39}},"87":{"start":{"line":88,"column":0},"end":{"line":88,"column":27}},"88":{"start":{"line":89,"column":0},"end":{"line":89,"column":27}},"89":{"start":{"line":90,"column":0},"end":{"line":90,"column":8}},"90":{"start":{"line":91,"column":0},"end":{"line":91,"column":60}},"91":{"start":{"line":92,"column":0},"end":{"line":92,"column":12}},"93":{"start":{"line":94,"column":0},"end":{"line":94,"column":1}}},"s":{"0":1,"1":1,"2":1,"3":1,"5":1,"6":1,"11":1,"12":1,"13":1,"15":1,"16":51,"18":51,"19":51,"20":5,"21":5,"22":0,"23":0,"24":0,"25":5,"26":5,"27":5,"28":4,"29":5,"30":1,"31":1,"32":1,"33":0,"34":1,"35":1,"36":5,"37":51,"38":51,"40":51,"41":3,"42":51,"44":51,"45":2,"46":51,"48":51,"49":51,"50":51,"51":51,"52":51,"53":51,"54":51,"55":51,"56":51,"57":6,"58":51,"59":51,"60":51,"62":51,"64":51,"65":51,"66":11,"67":40,"69":51,"70":51,"71":51,"72":51,"73":51,"74":51,"75":51,"76":51,"77":51,"78":51,"79":51,"80":51,"81":51,"82":51,"84":51,"85":51,"86":51,"87":51,"88":51,"89":51,"90":51,"91":51,"93":51},"branchMap":{"0":{"type":"branch","line":16,"loc":{"start":{"line":16,"column":7},"end":{"line":94,"column":1}},"locations":[{"start":{"line":16,"column":7},"end":{"line":94,"column":1}}]},"1":{"type":"branch","line":66,"loc":{"start":{"line":66,"column":20},"end":{"line":66,"column":66}},"locations":[{"start":{"line":66,"column":20},"end":{"line":66,"column":66}}]},"2":{"type":"branch","line":66,"loc":{"start":{"line":66,"column":46},"end":{"line":66,"column":94}},"locations":[{"start":{"line":66,"column":46},"end":{"line":66,"column":94}}]},"3":{"type":"branch","line":66,"loc":{"start":{"line":66,"column":90},"end":{"line":67,"column":76}},"locations":[{"start":{"line":66,"column":90},"end":{"line":67,"column":76}}]},"4":{"type":"branch","line":67,"loc":{"start":{"line":67,"column":74},"end":{"line":68,"column":11}},"locations":[{"start":{"line":67,"column":74},"end":{"line":68,"column":11}}]},"5":{"type":"branch","line":20,"loc":{"start":{"line":20,"column":4},"end":{"line":37,"column":6}},"locations":[{"start":{"line":20,"column":4},"end":{"line":37,"column":6}}]},"6":{"type":"branch","line":22,"loc":{"start":{"line":22,"column":20},"end":{"line":25,"column":7}},"locations":[{"start":{"line":22,"column":20},"end":{"line":25,"column":7}}]},"7":{"type":"branch","line":28,"loc":{"start":{"line":28,"column":46},"end":{"line":30,"column":15}},"locations":[{"start":{"line":28,"column":46},"end":{"line":30,"column":15}}]},"8":{"type":"branch","line":30,"loc":{"start":{"line":30,"column":6},"end":{"line":36,"column":7}},"locations":[{"start":{"line":30,"column":6},"end":{"line":36,"column":7}}]},"9":{"type":"branch","line":33,"loc":{"start":{"line":33,"column":18},"end":{"line":34,"column":46}},"locations":[{"start":{"line":33,"column":18},"end":{"line":34,"column":46}}]},"10":{"type":"branch","line":41,"loc":{"start":{"line":41,"column":35},"end":{"line":43,"column":5}},"locations":[{"start":{"line":41,"column":35},"end":{"line":43,"column":5}}]},"11":{"type":"branch","line":42,"loc":{"start":{"line":42,"column":24},"end":{"line":42,"column":58}},"locations":[{"start":{"line":42,"column":24},"end":{"line":42,"column":58}}]},"12":{"type":"branch","line":45,"loc":{"start":{"line":45,"column":33},"end":{"line":47,"column":5}},"locations":[{"start":{"line":45,"column":33},"end":{"line":47,"column":5}}]},"13":{"type":"branch","line":46,"loc":{"start":{"line":46,"column":24},"end":{"line":46,"column":53}},"locations":[{"start":{"line":46,"column":24},"end":{"line":46,"column":53}}]},"14":{"type":"branch","line":50,"loc":{"start":{"line":50,"column":4},"end":{"line":59,"column":7}},"locations":[{"start":{"line":50,"column":4},"end":{"line":59,"column":7}}]},"15":{"type":"branch","line":51,"loc":{"start":{"line":51,"column":15},"end":{"line":51,"column":69}},"locations":[{"start":{"line":51,"column":15},"end":{"line":51,"column":69}}]},"16":{"type":"branch","line":53,"loc":{"start":{"line":53,"column":15},"end":{"line":53,"column":49}},"locations":[{"start":{"line":53,"column":15},"end":{"line":53,"column":49}}]},"17":{"type":"branch","line":54,"loc":{"start":{"line":54,"column":19},"end":{"line":54,"column":57}},"locations":[{"start":{"line":54,"column":19},"end":{"line":54,"column":57}}]},"18":{"type":"branch","line":57,"loc":{"start":{"line":57,"column":18},"end":{"line":58,"column":58}},"locations":[{"start":{"line":57,"column":18},"end":{"line":58,"column":58}}]}},"b":{"0":[51],"1":[11],"2":[11],"3":[11],"4":[40],"5":[5],"6":[0],"7":[4],"8":[1],"9":[0],"10":[3],"11":[3],"12":[2],"13":[2],"14":[51],"15":[21],"16":[2],"17":[1],"18":[6]},"fnMap":{"0":{"name":"Calculator","decl":{"start":{"line":16,"column":7},"end":{"line":94,"column":1}},"loc":{"start":{"line":16,"column":7},"end":{"line":94,"column":1}},"line":16},"1":{"name":"onDigit","decl":{"start":{"line":51,"column":15},"end":{"line":51,"column":69}},"loc":{"start":{"line":51,"column":15},"end":{"line":51,"column":69}},"line":51},"2":{"name":"onDecimal","decl":{"start":{"line":52,"column":17},"end":{"line":52,"column":53}},"loc":{"start":{"line":52,"column":17},"end":{"line":52,"column":53}},"line":52},"3":{"name":"onClear","decl":{"start":{"line":53,"column":15},"end":{"line":53,"column":49}},"loc":{"start":{"line":53,"column":15},"end":{"line":53,"column":49}},"line":53},"4":{"name":"onBackspace","decl":{"start":{"line":54,"column":19},"end":{"line":54,"column":57}},"loc":{"start":{"line":54,"column":19},"end":{"line":54,"column":57}},"line":54},"5":{"name":"onBinaryOp","decl":{"start":{"line":57,"column":18},"end":{"line":58,"column":58}},"loc":{"start":{"line":57,"column":18},"end":{"line":58,"column":58}},"line":57}},"f":{"0":51,"1":21,"2":0,"3":2,"4":1,"5":6}}
,"C:\\git\\calculator\\frontend\\src\\components\\CalculatorDisplay.tsx": {"path":"C:\\git\\calculator\\frontend\\src\\components\\CalculatorDisplay.tsx","all":false,"statementMap":{"0":{"start":{"line":1,"column":0},"end":{"line":1,"column":40}},"1":{"start":{"line":2,"column":0},"end":{"line":2,"column":36}},"2":{"start":{"line":3,"column":0},"end":{"line":3,"column":62}},"3":{"start":{"line":4,"column":0},"end":{"line":4,"column":40}},"4":{"start":{"line":5,"column":0},"end":{"line":5,"column":50}},"14":{"start":{"line":15,"column":0},"end":{"line":15,"column":35}},"15":{"start":{"line":16,"column":0},"end":{"line":16,"column":10}},"16":{"start":{"line":17,"column":0},"end":{"line":17,"column":17}},"17":{"start":{"line":18,"column":0},"end":{"line":18,"column":8}},"18":{"start":{"line":19,"column":0},"end":{"line":19,"column":8}},"19":{"start":{"line":20,"column":0},"end":{"line":20,"column":28}},"20":{"start":{"line":21,"column":0},"end":{"line":21,"column":54}},"22":{"start":{"line":23,"column":0},"end":{"line":23,"column":10}},"23":{"start":{"line":24,"column":0},"end":{"line":24,"column":8}},"24":{"start":{"line":25,"column":0},"end":{"line":25,"column":11}},"25":{"start":{"line":26,"column":0},"end":{"line":26,"column":30}},"26":{"start":{"line":27,"column":0},"end":{"line":27,"column":31}},"27":{"start":{"line":28,"column":0},"end":{"line":28,"column":24}},"28":{"start":{"line":29,"column":0},"end":{"line":29,"column":27}},"29":{"start":{"line":30,"column":0},"end":{"line":30,"column":18}},"30":{"start":{"line":31,"column":0},"end":{"line":31,"column":32}},"31":{"start":{"line":32,"column":0},"end":{"line":32,"column":8}},"33":{"start":{"line":34,"column":0},"end":{"line":34,"column":28}},"34":{"start":{"line":35,"column":0},"end":{"line":35,"column":19}},"35":{"start":{"line":36,"column":0},"end":{"line":36,"column":25}},"36":{"start":{"line":37,"column":0},"end":{"line":37,"column":32}},"37":{"start":{"line":38,"column":0},"end":{"line":38,"column":23}},"38":{"start":{"line":39,"column":0},"end":{"line":39,"column":28}},"39":{"start":{"line":40,"column":0},"end":{"line":40,"column":15}},"40":{"start":{"line":41,"column":0},"end":{"line":41,"column":33}},"41":{"start":{"line":42,"column":0},"end":{"line":42,"column":62}},"42":{"start":{"line":43,"column":0},"end":{"line":43,"column":12}},"44":{"start":{"line":45,"column":0},"end":{"line":45,"column":38}},"45":{"start":{"line":46,"column":0},"end":{"line":46,"column":21}},"46":{"start":{"line":47,"column":0},"end":{"line":47,"column":19}},"47":{"start":{"line":48,"column":0},"end":{"line":48,"column":22}},"48":{"start":{"line":49,"column":0},"end":{"line":49,"column":23}},"49":{"start":{"line":50,"column":0},"end":{"line":50,"column":28}},"50":{"start":{"line":51,"column":0},"end":{"line":51,"column":41}},"51":{"start":{"line":52,"column":0},"end":{"line":52,"column":42}},"52":{"start":{"line":53,"column":0},"end":{"line":53,"column":15}},"53":{"start":{"line":54,"column":0},"end":{"line":54,"column":35}},"54":{"start":{"line":55,"column":0},"end":{"line":55,"column":28}},"55":{"start":{"line":56,"column":0},"end":{"line":56,"column":63}},"56":{"start":{"line":57,"column":0},"end":{"line":57,"column":56}},"57":{"start":{"line":58,"column":0},"end":{"line":58,"column":28}},"58":{"start":{"line":59,"column":0},"end":{"line":59,"column":30}},"59":{"start":{"line":60,"column":0},"end":{"line":60,"column":12}},"61":{"start":{"line":62,"column":0},"end":{"line":62,"column":24}},"62":{"start":{"line":63,"column":0},"end":{"line":63,"column":21}},"63":{"start":{"line":64,"column":0},"end":{"line":64,"column":32}},"64":{"start":{"line":65,"column":0},"end":{"line":65,"column":14}},"65":{"start":{"line":66,"column":0},"end":{"line":66,"column":94}},"66":{"start":{"line":67,"column":0},"end":{"line":67,"column":25}},"68":{"start":{"line":69,"column":0},"end":{"line":69,"column":54}},"69":{"start":{"line":70,"column":0},"end":{"line":70,"column":65}},"71":{"start":{"line":72,"column":0},"end":{"line":72,"column":25}},"72":{"start":{"line":73,"column":0},"end":{"line":73,"column":16}},"73":{"start":{"line":74,"column":0},"end":{"line":74,"column":17}},"74":{"start":{"line":75,"column":0},"end":{"line":75,"column":18}},"75":{"start":{"line":76,"column":0},"end":{"line":76,"column":71}},"76":{"start":{"line":77,"column":0},"end":{"line":77,"column":19}},"77":{"start":{"line":78,"column":0},"end":{"line":78,"column":18}},"78":{"start":{"line":79,"column":0},"end":{"line":79,"column":17}},"79":{"start":{"line":80,"column":0},"end":{"line":80,"column":14}},"80":{"start":{"line":81,"column":0},"end":{"line":81,"column":10}},"82":{"start":{"line":83,"column":0},"end":{"line":83,"column":1}}},"s":{"0":1,"1":1,"2":1,"3":1,"4":1,"14":1,"15":51,"16":51,"17":51,"18":51,"19":51,"20":51,"22":51,"23":51,"24":51,"25":51,"26":51,"27":51,"28":51,"29":51,"30":51,"31":51,"33":51,"34":51,"35":51,"36":51,"37":51,"38":51,"39":51,"40":51,"41":51,"42":51,"44":51,"45":51,"46":51,"47":51,"48":51,"49":51,"50":51,"51":51,"52":51,"53":51,"54":51,"55":51,"56":51,"57":51,"58":51,"59":51,"61":51,"62":51,"63":51,"64":5,"65":5,"66":5,"68":5,"69":5,"71":5,"72":5,"73":46,"74":51,"75":1,"76":1,"77":1,"78":50,"79":51,"80":51,"82":51},"branchMap":{"0":{"type":"branch","line":15,"loc":{"start":{"line":15,"column":7},"end":{"line":83,"column":1}},"locations":[{"start":{"line":15,"column":7},"end":{"line":83,"column":1}}]},"1":{"type":"branch","line":21,"loc":{"start":{"line":21,"column":35},"end":{"line":21,"column":46}},"locations":[{"start":{"line":21,"column":35},"end":{"line":21,"column":46}}]},"2":{"type":"branch","line":21,"loc":{"start":{"line":21,"column":40},"end":{"line":21,"column":54}},"locations":[{"start":{"line":21,"column":40},"end":{"line":21,"column":54}}]},"3":{"type":"branch","line":42,"loc":{"start":{"line":42,"column":24},"end":{"line":42,"column":53}},"locations":[{"start":{"line":42,"column":24},"end":{"line":42,"column":53}}]},"4":{"type":"branch","line":42,"loc":{"start":{"line":42,"column":41},"end":{"line":42,"column":62}},"locations":[{"start":{"line":42,"column":41},"end":{"line":42,"column":62}}]},"5":{"type":"branch","line":45,"loc":{"start":{"line":45,"column":11},"end":{"line":45,"column":38}},"locations":[{"start":{"line":45,"column":11},"end":{"line":45,"column":38}}]},"6":{"type":"branch","line":64,"loc":{"start":{"line":64,"column":19},"end":{"line":73,"column":16}},"locations":[{"start":{"line":64,"column":19},"end":{"line":73,"column":16}}]},"7":{"type":"branch","line":73,"loc":{"start":{"line":73,"column":10},"end":{"line":74,"column":17}},"locations":[{"start":{"line":73,"column":10},"end":{"line":74,"column":17}}]},"8":{"type":"branch","line":75,"loc":{"start":{"line":75,"column":9},"end":{"line":78,"column":18}},"locations":[{"start":{"line":75,"column":9},"end":{"line":78,"column":18}}]},"9":{"type":"branch","line":78,"loc":{"start":{"line":78,"column":10},"end":{"line":79,"column":17}},"locations":[{"start":{"line":78,"column":10},"end":{"line":79,"column":17}}]}},"b":{"0":[51],"1":[6],"2":[45],"3":[11],"4":[40],"5":[40],"6":[5],"7":[46],"8":[1],"9":[50]},"fnMap":{"0":{"name":"CalculatorDisplay","decl":{"start":{"line":15,"column":7},"end":{"line":83,"column":1}},"loc":{"start":{"line":15,"column":7},"end":{"line":83,"column":1}},"line":15}},"f":{"0":51}}
,"C:\\git\\calculator\\frontend\\src\\components\\CalculatorKeypad.tsx": {"path":"C:\\git\\calculator\\frontend\\src\\components\\CalculatorKeypad.tsx","all":false,"statementMap":{"0":{"start":{"line":1,"column":0},"end":{"line":1,"column":36}},"1":{"start":{"line":2,"column":0},"end":{"line":2,"column":42}},"4":{"start":{"line":5,"column":0},"end":{"line":5,"column":54}},"5":{"start":{"line":6,"column":0},"end":{"line":6,"column":50}},"18":{"start":{"line":19,"column":0},"end":{"line":19,"column":23}},"20":{"start":{"line":21,"column":0},"end":{"line":21,"column":34}},"21":{"start":{"line":22,"column":0},"end":{"line":22,"column":8}},"22":{"start":{"line":23,"column":0},"end":{"line":23,"column":10}},"23":{"start":{"line":24,"column":0},"end":{"line":24,"column":12}},"24":{"start":{"line":25,"column":0},"end":{"line":25,"column":10}},"25":{"start":{"line":26,"column":0},"end":{"line":26,"column":14}},"26":{"start":{"line":27,"column":0},"end":{"line":27,"column":11}},"27":{"start":{"line":28,"column":0},"end":{"line":28,"column":9}},"28":{"start":{"line":29,"column":0},"end":{"line":29,"column":13}},"29":{"start":{"line":30,"column":0},"end":{"line":30,"column":27}},"30":{"start":{"line":31,"column":0},"end":{"line":31,"column":20}},"31":{"start":{"line":32,"column":0},"end":{"line":32,"column":12}},"32":{"start":{"line":33,"column":0},"end":{"line":33,"column":14}},"33":{"start":{"line":34,"column":0},"end":{"line":34,"column":12}},"34":{"start":{"line":35,"column":0},"end":{"line":35,"column":16}},"35":{"start":{"line":36,"column":0},"end":{"line":36,"column":13}},"36":{"start":{"line":37,"column":0},"end":{"line":37,"column":11}},"37":{"start":{"line":38,"column":0},"end":{"line":38,"column":15}},"38":{"start":{"line":39,"column":0},"end":{"line":39,"column":4}},"40":{"start":{"line":41,"column":0},"end":{"line":41,"column":10}},"41":{"start":{"line":42,"column":0},"end":{"line":42,"column":8}},"42":{"start":{"line":43,"column":0},"end":{"line":43,"column":18}},"43":{"start":{"line":44,"column":0},"end":{"line":44,"column":36}},"44":{"start":{"line":45,"column":0},"end":{"line":45,"column":11}},"45":{"start":{"line":46,"column":0},"end":{"line":46,"column":24}},"46":{"start":{"line":47,"column":0},"end":{"line":47,"column":71}},"47":{"start":{"line":48,"column":0},"end":{"line":48,"column":33}},"48":{"start":{"line":49,"column":0},"end":{"line":49,"column":22}},"49":{"start":{"line":50,"column":0},"end":{"line":50,"column":8}},"51":{"start":{"line":52,"column":0},"end":{"line":52,"column":40}},"52":{"start":{"line":53,"column":0},"end":{"line":53,"column":43}},"53":{"start":{"line":54,"column":0},"end":{"line":54,"column":65}},"54":{"start":{"line":55,"column":0},"end":{"line":55,"column":60}},"56":{"start":{"line":57,"column":0},"end":{"line":57,"column":18}},"57":{"start":{"line":58,"column":0},"end":{"line":58,"column":19}},"58":{"start":{"line":59,"column":0},"end":{"line":59,"column":34}},"59":{"start":{"line":60,"column":0},"end":{"line":60,"column":23}},"60":{"start":{"line":61,"column":0},"end":{"line":61,"column":30}},"61":{"start":{"line":62,"column":0},"end":{"line":62,"column":76}},"62":{"start":{"line":63,"column":0},"end":{"line":63,"column":91}},"63":{"start":{"line":64,"column":0},"end":{"line":64,"column":41}},"64":{"start":{"line":65,"column":0},"end":{"line":65,"column":41}},"65":{"start":{"line":66,"column":0},"end":{"line":66,"column":38}},"66":{"start":{"line":67,"column":0},"end":{"line":67,"column":36}},"67":{"start":{"line":68,"column":0},"end":{"line":68,"column":19}},"68":{"start":{"line":69,"column":0},"end":{"line":69,"column":70}},"69":{"start":{"line":70,"column":0},"end":{"line":70,"column":46}},"70":{"start":{"line":71,"column":0},"end":{"line":71,"column":28}},"71":{"start":{"line":72,"column":0},"end":{"line":72,"column":32}},"72":{"start":{"line":73,"column":0},"end":{"line":73,"column":57}},"73":{"start":{"line":74,"column":0},"end":{"line":74,"column":49}},"74":{"start":{"line":75,"column":0},"end":{"line":75,"column":37}},"75":{"start":{"line":76,"column":0},"end":{"line":76,"column":36}},"76":{"start":{"line":77,"column":0},"end":{"line":77,"column":33}},"77":{"start":{"line":78,"column":0},"end":{"line":78,"column":36}},"78":{"start":{"line":79,"column":0},"end":{"line":79,"column":30}},"79":{"start":{"line":80,"column":0},"end":{"line":80,"column":41}},"80":{"start":{"line":81,"column":0},"end":{"line":81,"column":35}},"81":{"start":{"line":82,"column":0},"end":{"line":82,"column":95}},"82":{"start":{"line":83,"column":0},"end":{"line":83,"column":26}},"83":{"start":{"line":84,"column":0},"end":{"line":84,"column":70}},"84":{"start":{"line":85,"column":0},"end":{"line":85,"column":28}},"85":{"start":{"line":86,"column":0},"end":{"line":86,"column":40}},"86":{"start":{"line":87,"column":0},"end":{"line":87,"column":36}},"87":{"start":{"line":88,"column":0},"end":{"line":88,"column":30}},"88":{"start":{"line":89,"column":0},"end":{"line":89,"column":38}},"89":{"start":{"line":90,"column":0},"end":{"line":90,"column":35}},"90":{"start":{"line":91,"column":0},"end":{"line":91,"column":18}},"91":{"start":{"line":92,"column":0},"end":{"line":92,"column":35}},"92":{"start":{"line":93,"column":0},"end":{"line":93,"column":38}},"93":{"start":{"line":94,"column":0},"end":{"line":94,"column":41}},"94":{"start":{"line":95,"column":0},"end":{"line":95,"column":42}},"95":{"start":{"line":96,"column":0},"end":{"line":96,"column":18}},"96":{"start":{"line":97,"column":0},"end":{"line":97,"column":16}},"98":{"start":{"line":99,"column":0},"end":{"line":99,"column":26}},"99":{"start":{"line":100,"column":0},"end":{"line":100,"column":21}},"101":{"start":{"line":102,"column":0},"end":{"line":102,"column":11}},"102":{"start":{"line":103,"column":0},"end":{"line":103,"column":8}},"103":{"start":{"line":104,"column":0},"end":{"line":104,"column":10}},"105":{"start":{"line":106,"column":0},"end":{"line":106,"column":1}}},"s":{"0":1,"1":1,"4":1,"5":1,"18":1,"20":1,"21":51,"22":51,"23":51,"24":51,"25":51,"26":51,"27":51,"28":51,"29":51,"30":51,"31":51,"32":51,"33":51,"34":51,"35":51,"36":51,"37":51,"38":51,"40":51,"41":51,"42":51,"43":51,"44":51,"45":51,"46":51,"47":51,"48":51,"49":51,"51":51,"52":306,"53":1071,"54":1071,"56":1071,"57":1071,"58":1071,"59":1071,"60":1071,"61":1071,"62":1071,"63":1071,"64":1071,"65":1071,"66":1071,"67":1071,"68":1071,"69":1071,"70":1071,"71":1071,"72":1071,"73":1071,"74":1071,"75":11,"76":1060,"77":51,"78":1009,"79":295,"80":714,"81":1071,"82":1071,"83":1071,"84":1071,"85":1071,"86":51,"87":1020,"88":306,"89":714,"90":1071,"91":1071,"92":1071,"93":1071,"94":1071,"95":1071,"96":1071,"98":1071,"99":1071,"101":306,"102":51,"103":51,"105":51},"branchMap":{"0":{"type":"branch","line":21,"loc":{"start":{"line":21,"column":7},"end":{"line":106,"column":1}},"locations":[{"start":{"line":21,"column":7},"end":{"line":106,"column":1}}]},"1":{"type":"branch","line":52,"loc":{"start":{"line":52,"column":32},"end":{"line":102,"column":11}},"locations":[{"start":{"line":52,"column":32},"end":{"line":102,"column":11}}]},"2":{"type":"branch","line":53,"loc":{"start":{"line":53,"column":16},"end":{"line":102,"column":9}},"locations":[{"start":{"line":53,"column":16},"end":{"line":102,"column":9}}]},"3":{"type":"branch","line":55,"loc":{"start":{"line":55,"column":32},"end":{"line":55,"column":60}},"locations":[{"start":{"line":55,"column":32},"end":{"line":55,"column":60}}]},"4":{"type":"branch","line":62,"loc":{"start":{"line":62,"column":28},"end":{"line":62,"column":55}},"locations":[{"start":{"line":62,"column":28},"end":{"line":62,"column":55}}]},"5":{"type":"branch","line":62,"loc":{"start":{"line":62,"column":44},"end":{"line":62,"column":69}},"locations":[{"start":{"line":62,"column":44},"end":{"line":62,"column":69}}]},"6":{"type":"branch","line":62,"loc":{"start":{"line":62,"column":55},"end":{"line":62,"column":76}},"locations":[{"start":{"line":62,"column":55},"end":{"line":62,"column":76}}]},"7":{"type":"branch","line":63,"loc":{"start":{"line":63,"column":26},"end":{"line":63,"column":49}},"locations":[{"start":{"line":63,"column":26},"end":{"line":63,"column":49}}]},"8":{"type":"branch","line":63,"loc":{"start":{"line":63,"column":37},"end":{"line":63,"column":91}},"locations":[{"start":{"line":63,"column":37},"end":{"line":63,"column":91}}]},"9":{"type":"branch","line":63,"loc":{"start":{"line":63,"column":54},"end":{"line":63,"column":81}},"locations":[{"start":{"line":63,"column":54},"end":{"line":63,"column":81}}]},"10":{"type":"branch","line":63,"loc":{"start":{"line":63,"column":67},"end":{"line":63,"column":91}},"locations":[{"start":{"line":63,"column":67},"end":{"line":63,"column":91}}]},"11":{"type":"branch","line":74,"loc":{"start":{"line":74,"column":28},"end":{"line":74,"column":45}},"locations":[{"start":{"line":74,"column":28},"end":{"line":74,"column":45}}]},"12":{"type":"branch","line":74,"loc":{"start":{"line":74,"column":39},"end":{"line":74,"column":49}},"locations":[{"start":{"line":74,"column":39},"end":{"line":74,"column":49}}]},"13":{"type":"branch","line":75,"loc":{"start":{"line":75,"column":30},"end":{"line":76,"column":36}},"locations":[{"start":{"line":75,"column":30},"end":{"line":76,"column":36}}]},"14":{"type":"branch","line":76,"loc":{"start":{"line":76,"column":20},"end":{"line":81,"column":35}},"locations":[{"start":{"line":76,"column":20},"end":{"line":81,"column":35}}]},"15":{"type":"branch","line":77,"loc":{"start":{"line":77,"column":25},"end":{"line":78,"column":36}},"locations":[{"start":{"line":77,"column":25},"end":{"line":78,"column":36}}]},"16":{"type":"branch","line":78,"loc":{"start":{"line":78,"column":22},"end":{"line":81,"column":35}},"locations":[{"start":{"line":78,"column":22},"end":{"line":81,"column":35}}]},"17":{"type":"branch","line":79,"loc":{"start":{"line":79,"column":22},"end":{"line":80,"column":41}},"locations":[{"start":{"line":79,"column":22},"end":{"line":80,"column":41}}]},"18":{"type":"branch","line":80,"loc":{"start":{"line":80,"column":24},"end":{"line":81,"column":35}},"locations":[{"start":{"line":80,"column":24},"end":{"line":81,"column":35}}]},"19":{"type":"branch","line":82,"loc":{"start":{"line":82,"column":28},"end":{"line":82,"column":55}},"locations":[{"start":{"line":82,"column":28},"end":{"line":82,"column":55}}]},"20":{"type":"branch","line":82,"loc":{"start":{"line":82,"column":44},"end":{"line":82,"column":80}},"locations":[{"start":{"line":82,"column":44},"end":{"line":82,"column":80}}]},"21":{"type":"branch","line":82,"loc":{"start":{"line":82,"column":55},"end":{"line":82,"column":95}},"locations":[{"start":{"line":82,"column":55},"end":{"line":82,"column":95}}]},"22":{"type":"branch","line":84,"loc":{"start":{"line":84,"column":29},"end":{"line":84,"column":59}},"locations":[{"start":{"line":84,"column":29},"end":{"line":84,"column":59}}]},"23":{"type":"branch","line":84,"loc":{"start":{"line":84,"column":40},"end":{"line":84,"column":70}},"locations":[{"start":{"line":84,"column":40},"end":{"line":84,"column":70}}]},"24":{"type":"branch","line":86,"loc":{"start":{"line":86,"column":32},"end":{"line":87,"column":36}},"locations":[{"start":{"line":86,"column":32},"end":{"line":87,"column":36}}]},"25":{"type":"branch","line":87,"loc":{"start":{"line":87,"column":22},"end":{"line":90,"column":35}},"locations":[{"start":{"line":87,"column":22},"end":{"line":90,"column":35}}]},"26":{"type":"branch","line":88,"loc":{"start":{"line":88,"column":22},"end":{"line":89,"column":38}},"locations":[{"start":{"line":88,"column":22},"end":{"line":89,"column":38}}]},"27":{"type":"branch","line":89,"loc":{"start":{"line":89,"column":24},"end":{"line":90,"column":35}},"locations":[{"start":{"line":89,"column":24},"end":{"line":90,"column":35}}]}},"b":{"0":[51],"1":[306],"2":[1071],"3":[765],"4":[1060],"5":[62],"6":[1009],"7":[51],"8":[1020],"9":[306],"10":[714],"11":[357],"12":[714],"13":[11],"14":[1060],"15":[51],"16":[1009],"17":[295],"18":[714],"19":[1060],"20":[62],"21":[1009],"22":[357],"23":[714],"24":[51],"25":[1020],"26":[306],"27":[714]},"fnMap":{"0":{"name":"CalculatorKeypad","decl":{"start":{"line":21,"column":7},"end":{"line":106,"column":1}},"loc":{"start":{"line":21,"column":7},"end":{"line":106,"column":1}},"line":21}},"f":{"0":51}}
,"C:\\git\\calculator\\frontend\\src\\components\\keyboardShortcuts.ts": {"path":"C:\\git\\calculator\\frontend\\src\\components\\keyboardShortcuts.ts","all":false,"statementMap":{"3":{"start":{"line":4,"column":0},"end":{"line":4,"column":82}},"4":{"start":{"line":5,"column":0},"end":{"line":5,"column":55}},"5":{"start":{"line":6,"column":0},"end":{"line":6,"column":16}},"6":{"start":{"line":7,"column":0},"end":{"line":7,"column":3}},"8":{"start":{"line":9,"column":0},"end":{"line":9,"column":24}},"10":{"start":{"line":11,"column":0},"end":{"line":11,"column":28}},"11":{"start":{"line":12,"column":0},"end":{"line":12,"column":28}},"12":{"start":{"line":13,"column":0},"end":{"line":13,"column":3}},"13":{"start":{"line":14,"column":0},"end":{"line":14,"column":35}},"14":{"start":{"line":15,"column":0},"end":{"line":15,"column":15}},"15":{"start":{"line":16,"column":0},"end":{"line":16,"column":3}},"16":{"start":{"line":17,"column":0},"end":{"line":17,"column":39}},"17":{"start":{"line":18,"column":0},"end":{"line":18,"column":15}},"18":{"start":{"line":19,"column":0},"end":{"line":19,"column":3}},"19":{"start":{"line":20,"column":0},"end":{"line":20,"column":28}},"20":{"start":{"line":21,"column":0},"end":{"line":21,"column":23}},"21":{"start":{"line":22,"column":0},"end":{"line":22,"column":3}},"22":{"start":{"line":23,"column":0},"end":{"line":23,"column":45}},"23":{"start":{"line":24,"column":0},"end":{"line":24,"column":16}},"24":{"start":{"line":25,"column":0},"end":{"line":25,"column":3}},"25":{"start":{"line":26,"column":0},"end":{"line":26,"column":20}},"26":{"start":{"line":27,"column":0},"end":{"line":27,"column":17}},"27":{"start":{"line":28,"column":0},"end":{"line":28,"column":3}},"28":{"start":{"line":29,"column":0},"end":{"line":29,"column":20}},"29":{"start":{"line":30,"column":0},"end":{"line":30,"column":22}},"30":{"start":{"line":31,"column":0},"end":{"line":31,"column":3}},"31":{"start":{"line":32,"column":0},"end":{"line":32,"column":20}},"32":{"start":{"line":33,"column":0},"end":{"line":33,"column":22}},"33":{"start":{"line":34,"column":0},"end":{"line":34,"column":3}},"34":{"start":{"line":35,"column":0},"end":{"line":35,"column":20}},"35":{"start":{"line":36,"column":0},"end":{"line":36,"column":20}},"36":{"start":{"line":37,"column":0},"end":{"line":37,"column":3}},"37":{"start":{"line":38,"column":0},"end":{"line":38,"column":20}},"38":{"start":{"line":39,"column":0},"end":{"line":39,"column":24}},"39":{"start":{"line":40,"column":0},"end":{"line":40,"column":3}},"40":{"start":{"line":41,"column":0},"end":{"line":41,"column":20}},"41":{"start":{"line":42,"column":0},"end":{"line":42,"column":19}},"42":{"start":{"line":43,"column":0},"end":{"line":43,"column":3}},"43":{"start":{"line":44,"column":0},"end":{"line":44,"column":35}},"44":{"start":{"line":45,"column":0},"end":{"line":45,"column":18}},"45":{"start":{"line":46,"column":0},"end":{"line":46,"column":3}},"47":{"start":{"line":48,"column":0},"end":{"line":48,"column":14}},"48":{"start":{"line":49,"column":0},"end":{"line":49,"column":1}}},"s":{"3":1,"4":15,"5":1,"6":1,"8":14,"10":15,"11":5,"12":5,"13":15,"14":0,"15":0,"16":15,"17":1,"18":1,"19":15,"20":1,"21":1,"22":15,"23":2,"24":2,"25":10,"26":2,"27":2,"28":9,"29":1,"30":1,"31":9,"32":1,"33":1,"34":1,"35":1,"36":1,"37":0,"38":0,"39":0,"40":0,"41":0,"42":0,"43":15,"44":0,"45":0,"47":0,"48":0},"branchMap":{"0":{"type":"branch","line":4,"loc":{"start":{"line":4,"column":7},"end":{"line":49,"column":1}},"locations":[{"start":{"line":4,"column":7},"end":{"line":49,"column":1}}]},"1":{"type":"branch","line":5,"loc":{"start":{"line":5,"column":12},"end":{"line":5,"column":40}},"locations":[{"start":{"line":5,"column":12},"end":{"line":5,"column":40}}]},"2":{"type":"branch","line":5,"loc":{"start":{"line":5,"column":29},"end":{"line":5,"column":54}},"locations":[{"start":{"line":5,"column":29},"end":{"line":5,"column":54}}]},"3":{"type":"branch","line":5,"loc":{"start":{"line":5,"column":54},"end":{"line":7,"column":3}},"locations":[{"start":{"line":5,"column":54},"end":{"line":7,"column":3}}]},"4":{"type":"branch","line":7,"loc":{"start":{"line":7,"column":2},"end":{"line":11,"column":27}},"locations":[{"start":{"line":7,"column":2},"end":{"line":11,"column":27}}]},"5":{"type":"branch","line":11,"loc":{"start":{"line":11,"column":27},"end":{"line":13,"column":3}},"locations":[{"start":{"line":11,"column":27},"end":{"line":13,"column":3}}]},"6":{"type":"branch","line":13,"loc":{"start":{"line":13,"column":2},"end":{"line":14,"column":34}},"locations":[{"start":{"line":13,"column":2},"end":{"line":14,"column":34}}]},"7":{"type":"branch","line":14,"loc":{"start":{"line":14,"column":34},"end":{"line":16,"column":3}},"locations":[{"start":{"line":14,"column":34},"end":{"line":16,"column":3}}]},"8":{"type":"branch","line":16,"loc":{"start":{"line":16,"column":2},"end":{"line":17,"column":38}},"locations":[{"start":{"line":16,"column":2},"end":{"line":17,"column":38}}]},"9":{"type":"branch","line":16,"loc":{"start":{"line":16,"column":2},"end":{"line":17,"column":25}},"locations":[{"start":{"line":16,"column":2},"end":{"line":17,"column":25}}]},"10":{"type":"branch","line":17,"loc":{"start":{"line":17,"column":14},"end":{"line":17,"column":38}},"locations":[{"start":{"line":17,"column":14},"end":{"line":17,"column":38}}]},"11":{"type":"branch","line":17,"loc":{"start":{"line":17,"column":38},"end":{"line":19,"column":3}},"locations":[{"start":{"line":17,"column":38},"end":{"line":19,"column":3}}]},"12":{"type":"branch","line":19,"loc":{"start":{"line":19,"column":2},"end":{"line":20,"column":27}},"locations":[{"start":{"line":19,"column":2},"end":{"line":20,"column":27}}]},"13":{"type":"branch","line":20,"loc":{"start":{"line":20,"column":27},"end":{"line":22,"column":3}},"locations":[{"start":{"line":20,"column":27},"end":{"line":22,"column":3}}]},"14":{"type":"branch","line":22,"loc":{"start":{"line":22,"column":2},"end":{"line":23,"column":26}},"locations":[{"start":{"line":22,"column":2},"end":{"line":23,"column":26}}]},"15":{"type":"branch","line":23,"loc":{"start":{"line":23,"column":14},"end":{"line":23,"column":44}},"locations":[{"start":{"line":23,"column":14},"end":{"line":23,"column":44}}]},"16":{"type":"branch","line":23,"loc":{"start":{"line":23,"column":44},"end":{"line":28,"column":3}},"locations":[{"start":{"line":23,"column":44},"end":{"line":28,"column":3}}]},"17":{"type":"branch","line":23,"loc":{"start":{"line":23,"column":44},"end":{"line":25,"column":3}},"locations":[{"start":{"line":23,"column":44},"end":{"line":25,"column":3}}]},"18":{"type":"branch","line":25,"loc":{"start":{"line":25,"column":2},"end":{"line":26,"column":19}},"locations":[{"start":{"line":25,"column":2},"end":{"line":26,"column":19}}]},"19":{"type":"branch","line":26,"loc":{"start":{"line":26,"column":19},"end":{"line":28,"column":3}},"locations":[{"start":{"line":26,"column":19},"end":{"line":28,"column":3}}]},"20":{"type":"branch","line":28,"loc":{"start":{"line":28,"column":2},"end":{"line":44,"column":34}},"locations":[{"start":{"line":28,"column":2},"end":{"line":44,"column":34}}]},"21":{"type":"branch","line":28,"loc":{"start":{"line":28,"column":2},"end":{"line":29,"column":19}},"locations":[{"start":{"line":28,"column":2},"end":{"line":29,"column":19}}]},"22":{"type":"branch","line":29,"loc":{"start":{"line":29,"column":19},"end":{"line":31,"column":3}},"locations":[{"start":{"line":29,"column":19},"end":{"line":31,"column":3}}]},"23":{"type":"branch","line":31,"loc":{"start":{"line":31,"column":2},"end":{"line":32,"column":19}},"locations":[{"start":{"line":31,"column":2},"end":{"line":32,"column":19}}]},"24":{"type":"branch","line":32,"loc":{"start":{"line":32,"column":19},"end":{"line":37,"column":3}},"locations":[{"start":{"line":32,"column":19},"end":{"line":37,"column":3}}]},"25":{"type":"branch","line":37,"loc":{"start":{"line":37,"column":2},"end":{"line":44,"column":34}},"locations":[{"start":{"line":37,"column":2},"end":{"line":44,"column":34}}]},"26":{"type":"branch","line":44,"loc":{"start":{"line":44,"column":34},"end":{"line":49,"column":1}},"locations":[{"start":{"line":44,"column":34},"end":{"line":49,"column":1}}]}},"b":{"0":[15],"1":[14],"2":[14],"3":[1],"4":[14],"5":[5],"6":[9],"7":[0],"8":[11],"9":[9],"10":[8],"11":[1],"12":[8],"13":[1],"14":[7],"15":[5],"16":[10],"17":[2],"18":[5],"19":[2],"20":[9],"21":[3],"22":[1],"23":[2],"24":[1],"25":[0],"26":[0]},"fnMap":{"0":{"name":"keyboardEventToKeypadKey","decl":{"start":{"line":4,"column":7},"end":{"line":49,"column":1}},"loc":{"start":{"line":4,"column":7},"end":{"line":49,"column":1}},"line":4}},"f":{"0":15}}
,"C:\\git\\calculator\\frontend\\src\\components\\keypadButtons.ts": {"path":"C:\\git\\calculator\\frontend\\src\\components\\keypadButtons.ts","all":false,"statementMap":{"1":{"start":{"line":2,"column":0},"end":{"line":2,"column":74}},"3":{"start":{"line":4,"column":0},"end":{"line":4,"column":8}},"33":{"start":{"line":34,"column":0},"end":{"line":34,"column":36}},"34":{"start":{"line":35,"column":0},"end":{"line":35,"column":17}},"35":{"start":{"line":36,"column":0},"end":{"line":36,"column":25}},"36":{"start":{"line":37,"column":0},"end":{"line":37,"column":27}},"37":{"start":{"line":38,"column":0},"end":{"line":38,"column":47}},"38":{"start":{"line":39,"column":0},"end":{"line":39,"column":21}},"39":{"start":{"line":40,"column":0},"end":{"line":40,"column":12}},"40":{"start":{"line":41,"column":0},"end":{"line":41,"column":10}},"41":{"start":{"line":42,"column":0},"end":{"line":42,"column":18}},"42":{"start":{"line":43,"column":0},"end":{"line":43,"column":31}},"43":{"start":{"line":44,"column":0},"end":{"line":44,"column":39}},"44":{"start":{"line":45,"column":0},"end":{"line":45,"column":21}},"45":{"start":{"line":46,"column":0},"end":{"line":46,"column":24}},"46":{"start":{"line":47,"column":0},"end":{"line":47,"column":22}},"47":{"start":{"line":48,"column":0},"end":{"line":48,"column":32}},"48":{"start":{"line":49,"column":0},"end":{"line":49,"column":6}},"49":{"start":{"line":50,"column":0},"end":{"line":50,"column":3}},"50":{"start":{"line":51,"column":0},"end":{"line":51,"column":28}},"51":{"start":{"line":52,"column":0},"end":{"line":52,"column":12}},"52":{"start":{"line":53,"column":0},"end":{"line":53,"column":10}},"53":{"start":{"line":54,"column":0},"end":{"line":54,"column":17}},"54":{"start":{"line":55,"column":0},"end":{"line":55,"column":29}},"55":{"start":{"line":56,"column":0},"end":{"line":56,"column":39}},"56":{"start":{"line":57,"column":0},"end":{"line":57,"column":21}},"57":{"start":{"line":58,"column":0},"end":{"line":58,"column":24}},"58":{"start":{"line":59,"column":0},"end":{"line":59,"column":22}},"59":{"start":{"line":60,"column":0},"end":{"line":60,"column":36}},"60":{"start":{"line":61,"column":0},"end":{"line":61,"column":6}},"61":{"start":{"line":62,"column":0},"end":{"line":62,"column":3}},"62":{"start":{"line":63,"column":0},"end":{"line":63,"column":20}},"63":{"start":{"line":64,"column":0},"end":{"line":64,"column":12}},"64":{"start":{"line":65,"column":0},"end":{"line":65,"column":10}},"65":{"start":{"line":66,"column":0},"end":{"line":66,"column":17}},"66":{"start":{"line":67,"column":0},"end":{"line":67,"column":27}},"67":{"start":{"line":68,"column":0},"end":{"line":68,"column":39}},"68":{"start":{"line":69,"column":0},"end":{"line":69,"column":21}},"69":{"start":{"line":70,"column":0},"end":{"line":70,"column":24}},"70":{"start":{"line":71,"column":0},"end":{"line":71,"column":22}},"71":{"start":{"line":72,"column":0},"end":{"line":72,"column":34}},"72":{"start":{"line":73,"column":0},"end":{"line":73,"column":6}},"73":{"start":{"line":74,"column":0},"end":{"line":74,"column":3}},"74":{"start":{"line":75,"column":0},"end":{"line":75,"column":20}},"75":{"start":{"line":76,"column":0},"end":{"line":76,"column":12}},"76":{"start":{"line":77,"column":0},"end":{"line":77,"column":10}},"77":{"start":{"line":78,"column":0},"end":{"line":78,"column":17}},"78":{"start":{"line":79,"column":0},"end":{"line":79,"column":26}},"79":{"start":{"line":80,"column":0},"end":{"line":80,"column":40}},"80":{"start":{"line":81,"column":0},"end":{"line":81,"column":21}},"81":{"start":{"line":82,"column":0},"end":{"line":82,"column":24}},"82":{"start":{"line":83,"column":0},"end":{"line":83,"column":21}},"83":{"start":{"line":84,"column":0},"end":{"line":84,"column":33}},"84":{"start":{"line":85,"column":0},"end":{"line":85,"column":6}},"85":{"start":{"line":86,"column":0},"end":{"line":86,"column":3}},"86":{"start":{"line":87,"column":0},"end":{"line":87,"column":23}},"87":{"start":{"line":88,"column":0},"end":{"line":88,"column":12}},"88":{"start":{"line":89,"column":0},"end":{"line":89,"column":10}},"89":{"start":{"line":90,"column":0},"end":{"line":90,"column":17}},"90":{"start":{"line":91,"column":0},"end":{"line":91,"column":31}},"91":{"start":{"line":92,"column":0},"end":{"line":92,"column":38}},"92":{"start":{"line":93,"column":0},"end":{"line":93,"column":21}},"93":{"start":{"line":94,"column":0},"end":{"line":94,"column":24}},"94":{"start":{"line":95,"column":0},"end":{"line":95,"column":22}},"95":{"start":{"line":96,"column":0},"end":{"line":96,"column":31}},"96":{"start":{"line":97,"column":0},"end":{"line":97,"column":6}},"97":{"start":{"line":98,"column":0},"end":{"line":98,"column":3}},"98":{"start":{"line":99,"column":0},"end":{"line":99,"column":53}},"99":{"start":{"line":100,"column":0},"end":{"line":100,"column":39}},"100":{"start":{"line":101,"column":0},"end":{"line":101,"column":12}},"101":{"start":{"line":102,"column":0},"end":{"line":102,"column":10}},"102":{"start":{"line":103,"column":0},"end":{"line":103,"column":41}},"103":{"start":{"line":104,"column":0},"end":{"line":104,"column":45}},"104":{"start":{"line":105,"column":0},"end":{"line":105,"column":53}},"105":{"start":{"line":106,"column":0},"end":{"line":106,"column":53}},"106":{"start":{"line":107,"column":0},"end":{"line":107,"column":23}},"107":{"start":{"line":108,"column":0},"end":{"line":108,"column":22}},"108":{"start":{"line":109,"column":0},"end":{"line":109,"column":52}},"109":{"start":{"line":110,"column":0},"end":{"line":110,"column":6}},"110":{"start":{"line":111,"column":0},"end":{"line":111,"column":3}},"111":{"start":{"line":112,"column":0},"end":{"line":112,"column":25}},"112":{"start":{"line":113,"column":0},"end":{"line":113,"column":12}},"113":{"start":{"line":114,"column":0},"end":{"line":114,"column":10}},"114":{"start":{"line":115,"column":0},"end":{"line":115,"column":17}},"115":{"start":{"line":116,"column":0},"end":{"line":116,"column":21}},"116":{"start":{"line":117,"column":0},"end":{"line":117,"column":39}},"117":{"start":{"line":118,"column":0},"end":{"line":118,"column":21}},"118":{"start":{"line":119,"column":0},"end":{"line":119,"column":24}},"119":{"start":{"line":120,"column":0},"end":{"line":120,"column":22}},"120":{"start":{"line":121,"column":0},"end":{"line":121,"column":43}},"121":{"start":{"line":122,"column":0},"end":{"line":122,"column":6}},"122":{"start":{"line":123,"column":0},"end":{"line":123,"column":3}},"123":{"start":{"line":124,"column":0},"end":{"line":124,"column":10}},"124":{"start":{"line":125,"column":0},"end":{"line":125,"column":8}},"125":{"start":{"line":126,"column":0},"end":{"line":126,"column":15}},"126":{"start":{"line":127,"column":0},"end":{"line":127,"column":19}},"127":{"start":{"line":128,"column":0},"end":{"line":128,"column":19}},"128":{"start":{"line":129,"column":0},"end":{"line":129,"column":19}},"129":{"start":{"line":130,"column":0},"end":{"line":130,"column":22}},"130":{"start":{"line":131,"column":0},"end":{"line":131,"column":20}},"131":{"start":{"line":132,"column":0},"end":{"line":132,"column":29}},"132":{"start":{"line":133,"column":0},"end":{"line":133,"column":4}},"133":{"start":{"line":134,"column":0},"end":{"line":134,"column":1}}},"s":{"1":1,"3":1,"33":1,"34":1077,"35":1077,"36":1077,"37":1077,"38":1077,"39":52,"40":52,"41":52,"42":52,"43":52,"44":52,"45":52,"46":52,"47":52,"48":52,"49":52,"50":1077,"51":51,"52":51,"53":51,"54":51,"55":51,"56":51,"57":51,"58":51,"59":51,"60":51,"61":51,"62":1077,"63":51,"64":51,"65":51,"66":51,"67":51,"68":51,"69":51,"70":51,"71":51,"72":51,"73":51,"74":1077,"75":51,"76":51,"77":51,"78":51,"79":51,"80":51,"81":51,"82":51,"83":51,"84":51,"85":51,"86":1077,"87":51,"88":51,"89":51,"90":51,"91":51,"92":51,"93":51,"94":51,"95":51,"96":51,"97":51,"98":1077,"99":307,"100":307,"101":307,"102":307,"103":307,"104":307,"105":307,"106":307,"107":307,"108":307,"109":307,"110":307,"111":514,"112":514,"113":514,"114":514,"115":514,"116":514,"117":514,"118":514,"119":514,"120":514,"121":514,"122":514,"123":0,"124":0,"125":0,"126":0,"127":0,"128":0,"129":0,"130":0,"131":0,"132":0,"133":0},"branchMap":{"0":{"type":"branch","line":34,"loc":{"start":{"line":34,"column":7},"end":{"line":134,"column":1}},"locations":[{"start":{"line":34,"column":7},"end":{"line":134,"column":1}}]},"1":{"type":"branch","line":39,"loc":{"start":{"line":39,"column":20},"end":{"line":50,"column":3}},"locations":[{"start":{"line":39,"column":20},"end":{"line":50,"column":3}}]},"2":{"type":"branch","line":50,"loc":{"start":{"line":50,"column":2},"end":{"line":51,"column":27}},"locations":[{"start":{"line":50,"column":2},"end":{"line":51,"column":27}}]},"3":{"type":"branch","line":51,"loc":{"start":{"line":51,"column":27},"end":{"line":62,"column":3}},"locations":[{"start":{"line":51,"column":27},"end":{"line":62,"column":3}}]},"4":{"type":"branch","line":62,"loc":{"start":{"line":62,"column":2},"end":{"line":63,"column":19}},"locations":[{"start":{"line":62,"column":2},"end":{"line":63,"column":19}}]},"5":{"type":"branch","line":63,"loc":{"start":{"line":63,"column":19},"end":{"line":74,"column":3}},"locations":[{"start":{"line":63,"column":19},"end":{"line":74,"column":3}}]},"6":{"type":"branch","line":74,"loc":{"start":{"line":74,"column":2},"end":{"line":75,"column":19}},"locations":[{"start":{"line":74,"column":2},"end":{"line":75,"column":19}}]},"7":{"type":"branch","line":75,"loc":{"start":{"line":75,"column":19},"end":{"line":86,"column":3}},"locations":[{"start":{"line":75,"column":19},"end":{"line":86,"column":3}}]},"8":{"type":"branch","line":86,"loc":{"start":{"line":86,"column":2},"end":{"line":87,"column":22}},"locations":[{"start":{"line":86,"column":2},"end":{"line":87,"column":22}}]},"9":{"type":"branch","line":87,"loc":{"start":{"line":87,"column":22},"end":{"line":98,"column":3}},"locations":[{"start":{"line":87,"column":22},"end":{"line":98,"column":3}}]},"10":{"type":"branch","line":98,"loc":{"start":{"line":98,"column":2},"end":{"line":99,"column":52}},"locations":[{"start":{"line":98,"column":2},"end":{"line":99,"column":52}}]},"11":{"type":"branch","line":99,"loc":{"start":{"line":99,"column":52},"end":{"line":111,"column":3}},"locations":[{"start":{"line":99,"column":52},"end":{"line":111,"column":3}}]},"12":{"type":"branch","line":111,"loc":{"start":{"line":111,"column":2},"end":{"line":123,"column":3}},"locations":[{"start":{"line":111,"column":2},"end":{"line":123,"column":3}}]},"13":{"type":"branch","line":123,"loc":{"start":{"line":123,"column":2},"end":{"line":134,"column":1}},"locations":[{"start":{"line":123,"column":2},"end":{"line":134,"column":1}}]},"14":{"type":"branch","line":109,"loc":{"start":{"line":109,"column":15},"end":{"line":109,"column":52}},"locations":[{"start":{"line":109,"column":15},"end":{"line":109,"column":52}}]},"15":{"type":"branch","line":121,"loc":{"start":{"line":121,"column":15},"end":{"line":121,"column":43}},"locations":[{"start":{"line":121,"column":15},"end":{"line":121,"column":43}}]}},"b":{"0":[1077],"1":[52],"2":[1025],"3":[51],"4":[974],"5":[51],"6":[923],"7":[51],"8":[872],"9":[51],"10":[821],"11":[307],"12":[514],"13":[0],"14":[6],"15":[21]},"fnMap":{"0":{"name":"getKeypadButtonSpec","decl":{"start":{"line":34,"column":7},"end":{"line":134,"column":1}},"loc":{"start":{"line":34,"column":7},"end":{"line":134,"column":1}},"line":34},"1":{"name":"onClick","decl":{"start":{"line":109,"column":15},"end":{"line":109,"column":52}},"loc":{"start":{"line":109,"column":15},"end":{"line":109,"column":52}},"line":109},"2":{"name":"onClick","decl":{"start":{"line":121,"column":15},"end":{"line":121,"column":43}},"loc":{"start":{"line":121,"column":15},"end":{"line":121,"column":43}},"line":121},"3":{"name":"onClick","decl":{"start":{"line":132,"column":13},"end":{"line":132,"column":29}},"loc":{"start":{"line":132,"column":13},"end":{"line":132,"column":29}},"line":132}},"f":{"0":1077,"1":6,"2":21,"3":0}}
,"C:\\git\\calculator\\frontend\\src\\components\\keypadLayout.ts": {"path":"C:\\git\\calculator\\frontend\\src\\components\\keypadLayout.ts","all":false,"statementMap":{"30":{"start":{"line":31,"column":0},"end":{"line":31,"column":49}},"31":{"start":{"line":32,"column":0},"end":{"line":32,"column":64}},"32":{"start":{"line":33,"column":0},"end":{"line":33,"column":64}},"33":{"start":{"line":34,"column":0},"end":{"line":34,"column":66}},"34":{"start":{"line":35,"column":0},"end":{"line":35,"column":66}},"35":{"start":{"line":36,"column":0},"end":{"line":36,"column":61}},"36":{"start":{"line":37,"column":0},"end":{"line":37,"column":61}},"37":{"start":{"line":38,"column":0},"end":{"line":38,"column":2}}},"s":{"30":1,"31":1,"32":1,"33":1,"34":1,"35":1,"36":1,"37":1},"branchMap":{},"b":{},"fnMap":{},"f":{}}
,"C:\\git\\calculator\\frontend\\src\\config\\env.ts": {"path":"C:\\git\\calculator\\frontend\\src\\config\\env.ts","all":false,"statementMap":{"0":{"start":{"line":1,"column":0},"end":{"line":1,"column":35}},"1":{"start":{"line":2,"column":0},"end":{"line":2,"column":58}},"2":{"start":{"line":3,"column":0},"end":{"line":3,"column":15}},"3":{"start":{"line":4,"column":0},"end":{"line":4,"column":54}},"4":{"start":{"line":5,"column":0},"end":{"line":5,"column":3}},"5":{"start":{"line":6,"column":0},"end":{"line":6,"column":34}},"6":{"start":{"line":7,"column":0},"end":{"line":7,"column":1}},"8":{"start":{"line":9,"column":0},"end":{"line":9,"column":43}}},"s":{"0":3,"1":3,"2":3,"3":0,"4":0,"5":3,"6":3,"8":1},"branchMap":{"0":{"type":"branch","line":1,"loc":{"start":{"line":1,"column":0},"end":{"line":7,"column":1}},"locations":[{"start":{"line":1,"column":0},"end":{"line":7,"column":1}}]},"1":{"type":"branch","line":3,"loc":{"start":{"line":3,"column":14},"end":{"line":5,"column":3}},"locations":[{"start":{"line":3,"column":14},"end":{"line":5,"column":3}}]}},"b":{"0":[3],"1":[0]},"fnMap":{"0":{"name":"readApiBaseUrl","decl":{"start":{"line":1,"column":0},"end":{"line":7,"column":1}},"loc":{"start":{"line":1,"column":0},"end":{"line":7,"column":1}},"line":1}},"f":{"0":3}}
,"C:\\git\\calculator\\frontend\\src\\hooks\\useCalculatorKeyboard.ts": {"path":"C:\\git\\calculator\\frontend\\src\\hooks\\useCalculatorKeyboard.ts","all":false,"statementMap":{"0":{"start":{"line":1,"column":0},"end":{"line":1,"column":34}},"3":{"start":{"line":4,"column":0},"end":{"line":4,"column":66}},"4":{"start":{"line":5,"column":0},"end":{"line":5,"column":75}},"17":{"start":{"line":18,"column":0},"end":{"line":18,"column":33}},"18":{"start":{"line":19,"column":0},"end":{"line":19,"column":17}},"19":{"start":{"line":20,"column":0},"end":{"line":20,"column":25}},"20":{"start":{"line":21,"column":0},"end":{"line":21,"column":39}},"21":{"start":{"line":22,"column":0},"end":{"line":22,"column":12}},"22":{"start":{"line":23,"column":0},"end":{"line":23,"column":57}},"23":{"start":{"line":24,"column":0},"end":{"line":24,"column":22}},"24":{"start":{"line":25,"column":0},"end":{"line":25,"column":17}},"25":{"start":{"line":26,"column":0},"end":{"line":26,"column":3}},"26":{"start":{"line":27,"column":0},"end":{"line":27,"column":17}},"27":{"start":{"line":28,"column":0},"end":{"line":28,"column":14}},"28":{"start":{"line":29,"column":0},"end":{"line":29,"column":1}},"30":{"start":{"line":31,"column":0},"end":{"line":31,"column":38}},"31":{"start":{"line":32,"column":0},"end":{"line":32,"column":25}},"32":{"start":{"line":33,"column":0},"end":{"line":33,"column":39}},"33":{"start":{"line":34,"column":0},"end":{"line":34,"column":17}},"34":{"start":{"line":35,"column":0},"end":{"line":35,"column":9}},"35":{"start":{"line":36,"column":0},"end":{"line":36,"column":19}},"36":{"start":{"line":37,"column":0},"end":{"line":37,"column":19}},"37":{"start":{"line":38,"column":0},"end":{"line":38,"column":13}},"38":{"start":{"line":39,"column":0},"end":{"line":39,"column":5}},"40":{"start":{"line":41,"column":0},"end":{"line":41,"column":49}},"41":{"start":{"line":42,"column":0},"end":{"line":42,"column":34}},"42":{"start":{"line":43,"column":0},"end":{"line":43,"column":10}},"43":{"start":{"line":44,"column":0},"end":{"line":44,"column":45}},"44":{"start":{"line":45,"column":0},"end":{"line":45,"column":48}},"45":{"start":{"line":46,"column":0},"end":{"line":46,"column":43}},"46":{"start":{"line":47,"column":0},"end":{"line":47,"column":9}},"47":{"start":{"line":48,"column":0},"end":{"line":48,"column":15}},"48":{"start":{"line":49,"column":0},"end":{"line":49,"column":7}},"50":{"start":{"line":51,"column":0},"end":{"line":51,"column":56}},"51":{"start":{"line":52,"column":0},"end":{"line":52,"column":23}},"52":{"start":{"line":53,"column":0},"end":{"line":53,"column":15}},"53":{"start":{"line":54,"column":0},"end":{"line":54,"column":7}},"55":{"start":{"line":56,"column":0},"end":{"line":56,"column":57}},"56":{"start":{"line":57,"column":0},"end":{"line":57,"column":31}},"57":{"start":{"line":58,"column":0},"end":{"line":58,"column":7}},"58":{"start":{"line":59,"column":0},"end":{"line":59,"column":6}},"60":{"start":{"line":61,"column":0},"end":{"line":61,"column":50}},"61":{"start":{"line":62,"column":0},"end":{"line":62,"column":66}},"62":{"start":{"line":63,"column":0},"end":{"line":63,"column":33}},"63":{"start":{"line":64,"column":0},"end":{"line":64,"column":1}}},"s":{"0":1,"3":1,"4":1,"17":1,"18":6,"19":6,"20":6,"21":6,"22":6,"23":6,"24":0,"25":0,"26":6,"27":6,"28":6,"30":1,"31":51,"32":51,"33":51,"34":51,"35":51,"36":51,"37":0,"38":0,"40":51,"41":6,"42":6,"43":6,"44":6,"45":6,"46":6,"47":0,"48":0,"50":6,"51":6,"52":0,"53":0,"55":6,"56":6,"57":6,"58":6,"60":51,"61":51,"62":51,"63":51},"branchMap":{"0":{"type":"branch","line":18,"loc":{"start":{"line":18,"column":7},"end":{"line":29,"column":1}},"locations":[{"start":{"line":18,"column":7},"end":{"line":29,"column":1}}]},"1":{"type":"branch","line":24,"loc":{"start":{"line":24,"column":21},"end":{"line":26,"column":3}},"locations":[{"start":{"line":24,"column":21},"end":{"line":26,"column":3}}]},"2":{"type":"branch","line":31,"loc":{"start":{"line":31,"column":7},"end":{"line":64,"column":1}},"locations":[{"start":{"line":31,"column":7},"end":{"line":64,"column":1}}]},"3":{"type":"branch","line":36,"loc":{"start":{"line":36,"column":12},"end":{"line":63,"column":5}},"locations":[{"start":{"line":36,"column":12},"end":{"line":63,"column":5}}]},"4":{"type":"branch","line":37,"loc":{"start":{"line":37,"column":18},"end":{"line":39,"column":5}},"locations":[{"start":{"line":37,"column":18},"end":{"line":39,"column":5}}]},"5":{"type":"branch","line":41,"loc":{"start":{"line":41,"column":22},"end":{"line":59,"column":6}},"locations":[{"start":{"line":41,"column":22},"end":{"line":59,"column":6}}]},"6":{"type":"branch","line":47,"loc":{"start":{"line":47,"column":8},"end":{"line":49,"column":7}},"locations":[{"start":{"line":47,"column":8},"end":{"line":49,"column":7}}]},"7":{"type":"branch","line":52,"loc":{"start":{"line":52,"column":22},"end":{"line":54,"column":7}},"locations":[{"start":{"line":52,"column":22},"end":{"line":54,"column":7}}]},"8":{"type":"branch","line":62,"loc":{"start":{"line":62,"column":11},"end":{"line":62,"column":66}},"locations":[{"start":{"line":62,"column":11},"end":{"line":62,"column":66}}]}},"b":{"0":[6],"1":[0],"2":[51],"3":[51],"4":[0],"5":[6],"6":[0],"7":[0],"8":[51]},"fnMap":{"0":{"name":"triggerKeypadKey","decl":{"start":{"line":18,"column":7},"end":{"line":29,"column":1}},"loc":{"start":{"line":18,"column":7},"end":{"line":29,"column":1}},"line":18},"1":{"name":"useCalculatorKeyboard","decl":{"start":{"line":31,"column":7},"end":{"line":64,"column":1}},"loc":{"start":{"line":31,"column":7},"end":{"line":64,"column":1}},"line":31},"2":{"name":"onKeyDown","decl":{"start":{"line":41,"column":22},"end":{"line":59,"column":6}},"loc":{"start":{"line":41,"column":22},"end":{"line":59,"column":6}},"line":41}},"f":{"0":6,"1":51,"2":6}}
,"C:\\git\\calculator\\frontend\\src\\types\\calculator.ts": {"path":"C:\\git\\calculator\\frontend\\src\\types\\calculator.ts","all":false,"statementMap":{"45":{"start":{"line":46,"column":0},"end":{"line":46,"column":47}},"46":{"start":{"line":47,"column":0},"end":{"line":47,"column":8}},"47":{"start":{"line":48,"column":0},"end":{"line":48,"column":13}},"48":{"start":{"line":49,"column":0},"end":{"line":49,"column":13}},"49":{"start":{"line":50,"column":0},"end":{"line":50,"column":11}},"50":{"start":{"line":51,"column":0},"end":{"line":51,"column":10}},"51":{"start":{"line":52,"column":0},"end":{"line":52,"column":15}},"52":{"start":{"line":53,"column":0},"end":{"line":53,"column":2}},"54":{"start":{"line":55,"column":0},"end":{"line":55,"column":60}},"55":{"start":{"line":56,"column":0},"end":{"line":56,"column":11}},"56":{"start":{"line":57,"column":0},"end":{"line":57,"column":16}},"57":{"start":{"line":58,"column":0},"end":{"line":58,"column":16}},"58":{"start":{"line":59,"column":0},"end":{"line":59,"column":14}},"59":{"start":{"line":60,"column":0},"end":{"line":60,"column":14}},"60":{"start":{"line":61,"column":0},"end":{"line":61,"column":12}},"61":{"start":{"line":62,"column":0},"end":{"line":62,"column":18}},"62":{"start":{"line":63,"column":0},"end":{"line":63,"column":2}}},"s":{"45":1,"46":1,"47":1,"48":1,"49":1,"50":1,"51":1,"52":1,"54":1,"55":1,"56":1,"57":1,"58":1,"59":1,"60":1,"61":1,"62":1},"branchMap":{},"b":{},"fnMap":{},"f":{}}
,"C:\\git\\calculator\\frontend\\src\\utils\\calculatorReducer.ts": {"path":"C:\\git\\calculator\\frontend\\src\\utils\\calculatorReducer.ts","all":false,"statementMap":{"1":{"start":{"line":2,"column":0},"end":{"line":2,"column":59}},"2":{"start":{"line":3,"column":0},"end":{"line":3,"column":8}},"9":{"start":{"line":10,"column":0},"end":{"line":10,"column":54}},"22":{"start":{"line":23,"column":0},"end":{"line":23,"column":34}},"23":{"start":{"line":24,"column":0},"end":{"line":24,"column":25}},"24":{"start":{"line":25,"column":0},"end":{"line":25,"column":27}},"25":{"start":{"line":26,"column":0},"end":{"line":26,"column":20}},"26":{"start":{"line":27,"column":0},"end":{"line":27,"column":24}},"27":{"start":{"line":28,"column":0},"end":{"line":28,"column":19}},"28":{"start":{"line":29,"column":0},"end":{"line":29,"column":38}},"29":{"start":{"line":30,"column":0},"end":{"line":30,"column":21}},"30":{"start":{"line":31,"column":0},"end":{"line":31,"column":7}},"31":{"start":{"line":32,"column":0},"end":{"line":32,"column":18}},"32":{"start":{"line":33,"column":0},"end":{"line":33,"column":37}},"33":{"start":{"line":34,"column":0},"end":{"line":34,"column":15}},"34":{"start":{"line":35,"column":0},"end":{"line":35,"column":26}},"35":{"start":{"line":36,"column":0},"end":{"line":36,"column":14}},"36":{"start":{"line":37,"column":0},"end":{"line":37,"column":17}},"37":{"start":{"line":38,"column":0},"end":{"line":38,"column":77}},"38":{"start":{"line":39,"column":0},"end":{"line":39,"column":49}},"39":{"start":{"line":40,"column":0},"end":{"line":40,"column":82}},"40":{"start":{"line":41,"column":0},"end":{"line":41,"column":88}},"41":{"start":{"line":42,"column":0},"end":{"line":42,"column":20}},"42":{"start":{"line":43,"column":0},"end":{"line":43,"column":8}},"43":{"start":{"line":44,"column":0},"end":{"line":44,"column":5}},"44":{"start":{"line":45,"column":0},"end":{"line":45,"column":21}},"45":{"start":{"line":46,"column":0},"end":{"line":46,"column":38}},"46":{"start":{"line":47,"column":0},"end":{"line":47,"column":21}},"47":{"start":{"line":48,"column":0},"end":{"line":48,"column":7}},"48":{"start":{"line":49,"column":0},"end":{"line":49,"column":18}},"49":{"start":{"line":50,"column":0},"end":{"line":50,"column":37}},"50":{"start":{"line":51,"column":0},"end":{"line":51,"column":15}},"51":{"start":{"line":52,"column":0},"end":{"line":52,"column":26}},"52":{"start":{"line":53,"column":0},"end":{"line":53,"column":14}},"53":{"start":{"line":54,"column":0},"end":{"line":54,"column":17}},"54":{"start":{"line":55,"column":0},"end":{"line":55,"column":77}},"55":{"start":{"line":56,"column":0},"end":{"line":56,"column":37}},"56":{"start":{"line":57,"column":0},"end":{"line":57,"column":82}},"57":{"start":{"line":58,"column":0},"end":{"line":58,"column":88}},"58":{"start":{"line":59,"column":0},"end":{"line":59,"column":20}},"59":{"start":{"line":60,"column":0},"end":{"line":60,"column":8}},"60":{"start":{"line":61,"column":0},"end":{"line":61,"column":5}},"61":{"start":{"line":62,"column":0},"end":{"line":62,"column":23}},"62":{"start":{"line":63,"column":0},"end":{"line":63,"column":38}},"63":{"start":{"line":64,"column":0},"end":{"line":64,"column":21}},"64":{"start":{"line":65,"column":0},"end":{"line":65,"column":7}},"65":{"start":{"line":66,"column":0},"end":{"line":66,"column":25}},"66":{"start":{"line":67,"column":0},"end":{"line":67,"column":69}},"67":{"start":{"line":68,"column":0},"end":{"line":68,"column":14}},"68":{"start":{"line":69,"column":0},"end":{"line":69,"column":44}},"69":{"start":{"line":70,"column":0},"end":{"line":70,"column":14}},"70":{"start":{"line":71,"column":0},"end":{"line":71,"column":17}},"71":{"start":{"line":72,"column":0},"end":{"line":72,"column":29}},"72":{"start":{"line":73,"column":0},"end":{"line":73,"column":20}},"73":{"start":{"line":74,"column":0},"end":{"line":74,"column":8}},"74":{"start":{"line":75,"column":0},"end":{"line":75,"column":5}},"75":{"start":{"line":76,"column":0},"end":{"line":76,"column":17}},"76":{"start":{"line":77,"column":0},"end":{"line":77,"column":43}},"77":{"start":{"line":78,"column":0},"end":{"line":78,"column":30}},"78":{"start":{"line":79,"column":0},"end":{"line":79,"column":49}},"79":{"start":{"line":80,"column":0},"end":{"line":80,"column":21}},"80":{"start":{"line":81,"column":0},"end":{"line":81,"column":7}},"81":{"start":{"line":82,"column":0},"end":{"line":82,"column":48}},"82":{"start":{"line":83,"column":0},"end":{"line":83,"column":27}},"83":{"start":{"line":84,"column":0},"end":{"line":84,"column":66}},"84":{"start":{"line":85,"column":0},"end":{"line":85,"column":7}},"85":{"start":{"line":86,"column":0},"end":{"line":86,"column":14}},"86":{"start":{"line":87,"column":0},"end":{"line":87,"column":17}},"87":{"start":{"line":88,"column":0},"end":{"line":88,"column":32}},"88":{"start":{"line":89,"column":0},"end":{"line":89,"column":29}},"89":{"start":{"line":90,"column":0},"end":{"line":90,"column":43}},"90":{"start":{"line":91,"column":0},"end":{"line":91,"column":20}},"91":{"start":{"line":92,"column":0},"end":{"line":92,"column":20}},"92":{"start":{"line":93,"column":0},"end":{"line":93,"column":8}},"93":{"start":{"line":94,"column":0},"end":{"line":94,"column":5}},"94":{"start":{"line":95,"column":0},"end":{"line":95,"column":16}},"95":{"start":{"line":96,"column":0},"end":{"line":96,"column":57}},"96":{"start":{"line":97,"column":0},"end":{"line":97,"column":29}},"97":{"start":{"line":98,"column":0},"end":{"line":98,"column":57}},"98":{"start":{"line":99,"column":0},"end":{"line":99,"column":31}},"99":{"start":{"line":100,"column":0},"end":{"line":100,"column":14}},"100":{"start":{"line":101,"column":0},"end":{"line":101,"column":29}},"101":{"start":{"line":102,"column":0},"end":{"line":102,"column":45}},"102":{"start":{"line":103,"column":0},"end":{"line":103,"column":28}},"103":{"start":{"line":104,"column":0},"end":{"line":104,"column":31}},"104":{"start":{"line":105,"column":0},"end":{"line":105,"column":20}},"105":{"start":{"line":106,"column":0},"end":{"line":106,"column":8}},"106":{"start":{"line":107,"column":0},"end":{"line":107,"column":31}},"107":{"start":{"line":108,"column":0},"end":{"line":108,"column":25}},"108":{"start":{"line":109,"column":0},"end":{"line":109,"column":71}},"109":{"start":{"line":110,"column":0},"end":{"line":110,"column":28}},"110":{"start":{"line":111,"column":0},"end":{"line":111,"column":75}},"111":{"start":{"line":112,"column":0},"end":{"line":112,"column":27}},"112":{"start":{"line":113,"column":0},"end":{"line":113,"column":30}},"113":{"start":{"line":114,"column":0},"end":{"line":114,"column":14}},"114":{"start":{"line":115,"column":0},"end":{"line":115,"column":17}},"115":{"start":{"line":116,"column":0},"end":{"line":116,"column":27}},"116":{"start":{"line":117,"column":0},"end":{"line":117,"column":30}},"117":{"start":{"line":118,"column":0},"end":{"line":118,"column":8}},"118":{"start":{"line":119,"column":0},"end":{"line":119,"column":5}},"119":{"start":{"line":120,"column":0},"end":{"line":120,"column":12}},"120":{"start":{"line":121,"column":0},"end":{"line":121,"column":19}},"121":{"start":{"line":122,"column":0},"end":{"line":122,"column":3}},"122":{"start":{"line":123,"column":0},"end":{"line":123,"column":1}},"124":{"start":{"line":125,"column":0},"end":{"line":125,"column":64}},"127":{"start":{"line":128,"column":0},"end":{"line":128,"column":3}},"128":{"start":{"line":129,"column":0},"end":{"line":129,"column":99}},"129":{"start":{"line":130,"column":0},"end":{"line":130,"column":47}},"130":{"start":{"line":131,"column":0},"end":{"line":131,"column":26}},"131":{"start":{"line":132,"column":0},"end":{"line":132,"column":66}},"132":{"start":{"line":133,"column":0},"end":{"line":133,"column":5}},"133":{"start":{"line":134,"column":0},"end":{"line":134,"column":12}},"134":{"start":{"line":135,"column":0},"end":{"line":135,"column":16}},"135":{"start":{"line":136,"column":0},"end":{"line":136,"column":42}},"136":{"start":{"line":137,"column":0},"end":{"line":137,"column":48}},"137":{"start":{"line":138,"column":0},"end":{"line":138,"column":8}},"138":{"start":{"line":139,"column":0},"end":{"line":139,"column":18}},"139":{"s
[...]
,"C:\\git\\calculator\\frontend\\src\\utils\\calculatorState.ts": {"path":"C:\\git\\calculator\\frontend\\src\\utils\\calculatorState.ts","all":false,"statementMap":{"1":{"start":{"line":2,"column":0},"end":{"line":2,"column":56}},"2":{"start":{"line":3,"column":0},"end":{"line":3,"column":41}},"4":{"start":{"line":5,"column":0},"end":{"line":5,"column":56}},"5":{"start":{"line":6,"column":0},"end":{"line":6,"column":25}},"6":{"start":{"line":7,"column":0},"end":{"line":7,"column":15}},"7":{"start":{"line":8,"column":0},"end":{"line":8,"column":22}},"8":{"start":{"line":9,"column":0},"end":{"line":9,"column":25}},"9":{"start":{"line":10,"column":0},"end":{"line":10,"column":14}},"10":{"start":{"line":11,"column":0},"end":{"line":11,"column":2}},"12":{"start":{"line":13,"column":0},"end":{"line":13,"column":58}},"13":{"start":{"line":14,"column":0},"end":{"line":14,"column":40}},"14":{"start":{"line":15,"column":0},"end":{"line":15,"column":1}},"16":{"start":{"line":17,"column":0},"end":{"line":17,"column":66}},"17":{"start":{"line":18,"column":0},"end":{"line":18,"column":47}},"18":{"start":{"line":19,"column":0},"end":{"line":19,"column":1}},"21":{"start":{"line":22,"column":0},"end":{"line":22,"column":92}},"22":{"start":{"line":23,"column":0},"end":{"line":23,"column":34}},"23":{"start":{"line":24,"column":0},"end":{"line":24,"column":16}},"24":{"start":{"line":25,"column":0},"end":{"line":25,"column":3}},"25":{"start":{"line":26,"column":0},"end":{"line":26,"column":41}},"26":{"start":{"line":27,"column":0},"end":{"line":27,"column":16}},"27":{"start":{"line":28,"column":0},"end":{"line":28,"column":3}},"28":{"start":{"line":29,"column":0},"end":{"line":29,"column":73}},"29":{"start":{"line":30,"column":0},"end":{"line":30,"column":42}},"30":{"start":{"line":31,"column":0},"end":{"line":31,"column":3}},"31":{"start":{"line":32,"column":0},"end":{"line":32,"column":14}},"32":{"start":{"line":33,"column":0},"end":{"line":33,"column":1}},"34":{"start":{"line":35,"column":0},"end":{"line":35,"column":92}},"35":{"start":{"line":36,"column":0},"end":{"line":36,"column":82}},"36":{"start":{"line":37,"column":0},"end":{"line":37,"column":1}},"39":{"start":{"line":40,"column":0},"end":{"line":40,"column":65}},"40":{"start":{"line":41,"column":0},"end":{"line":41,"column":70}},"41":{"start":{"line":42,"column":0},"end":{"line":42,"column":16}},"42":{"start":{"line":43,"column":0},"end":{"line":43,"column":3}},"43":{"start":{"line":44,"column":0},"end":{"line":44,"column":73}},"44":{"start":{"line":45,"column":0},"end":{"line":45,"column":42}},"45":{"start":{"line":46,"column":0},"end":{"line":46,"column":3}},"46":{"start":{"line":47,"column":0},"end":{"line":47,"column":14}},"47":{"start":{"line":48,"column":0},"end":{"line":48,"column":1}},"49":{"start":{"line":50,"column":0},"end":{"line":50,"column":67}},"50":{"start":{"line":51,"column":0},"end":{"line":51,"column":34}},"51":{"start":{"line":52,"column":0},"end":{"line":52,"column":16}},"52":{"start":{"line":53,"column":0},"end":{"line":53,"column":3}},"53":{"start":{"line":54,"column":0},"end":{"line":54,"column":41}},"54":{"start":{"line":55,"column":0},"end":{"line":55,"column":74}},"55":{"start":{"line":56,"column":0},"end":{"line":56,"column":3}},"56":{"start":{"line":57,"column":0},"end":{"line":57,"column":14}},"57":{"start":{"line":58,"column":0},"end":{"line":58,"column":1}},"59":{"start":{"line":60,"column":0},"end":{"line":60,"column":66}},"60":{"start":{"line":61,"column":0},"end":{"line":61,"column":35}},"61":{"start":{"line":62,"column":0},"end":{"line":62,"column":1}},"63":{"start":{"line":64,"column":0},"end":{"line":64,"column":66}},"64":{"start":{"line":65,"column":0},"end":{"line":65,"column":35}},"65":{"start":{"line":66,"column":0},"end":{"line":66,"column":1}},"67":{"start":{"line":68,"column":0},"end":{"line":68,"column":67}},"68":{"start":{"line":69,"column":0},"end":{"line":69,"column":33}},"69":{"start":{"line":70,"column":0},"end":{"line":70,"column":1}}},"s":{"1":1,"2":1,"4":1,"5":1,"6":1,"7":1,"8":1,"9":1,"10":1,"12":1,"13":262,"14":262,"16":1,"17":6,"18":6,"21":1,"22":308,"23":30,"24":30,"25":308,"26":67,"27":67,"28":308,"29":211,"30":211,"31":0,"32":0,"34":1,"35":308,"36":308,"39":1,"40":55,"41":17,"42":17,"43":55,"44":38,"45":38,"46":0,"47":0,"49":1,"50":53,"51":5,"52":5,"53":53,"54":13,"55":13,"56":35,"57":35,"59":1,"60":616,"61":616,"63":1,"64":52,"65":52,"67":1,"68":0,"69":0},"branchMap":{"0":{"type":"branch","line":13,"loc":{"start":{"line":13,"column":7},"end":{"line":15,"column":1}},"locations":[{"start":{"line":13,"column":7},"end":{"line":15,"column":1}}]},"1":{"type":"branch","line":17,"loc":{"start":{"line":17,"column":7},"end":{"line":19,"column":1}},"locations":[{"start":{"line":17,"column":7},"end":{"line":19,"column":1}}]},"2":{"type":"branch","line":22,"loc":{"start":{"line":22,"column":7},"end":{"line":33,"column":1}},"locations":[{"start":{"line":22,"column":7},"end":{"line":33,"column":1}}]},"3":{"type":"branch","line":23,"loc":{"start":{"line":23,"column":33},"end":{"line":25,"column":3}},"locations":[{"start":{"line":23,"column":33},"end":{"line":25,"column":3}}]},"4":{"type":"branch","line":25,"loc":{"start":{"line":25,"column":2},"end":{"line":26,"column":40}},"locations":[{"start":{"line":25,"column":2},"end":{"line":26,"column":40}}]},"5":{"type":"branch","line":26,"loc":{"start":{"line":26,"column":40},"end":{"line":28,"column":3}},"locations":[{"start":{"line":26,"column":40},"end":{"line":28,"column":3}}]},"6":{"type":"branch","line":28,"loc":{"start":{"line":28,"column":2},"end":{"line":29,"column":72}},"locations":[{"start":{"line":28,"column":2},"end":{"line":29,"column":72}}]},"7":{"type":"branch","line":28,"loc":{"start":{"line":28,"column":2},"end":{"line":29,"column":41}},"locations":[{"start":{"line":28,"column":2},"end":{"line":29,"column":41}}]},"8":{"type":"branch","line":29,"loc":{"start":{"line":29,"column":22},"end":{"line":29,"column":72}},"locations":[{"start":{"line":29,"column":22},"end":{"line":29,"column":72}}]},"9":{"type":"branch","line":29,"loc":{"start":{"line":29,"column":72},"end":{"line":33,"column":1}},"locations":[{"start":{"line":29,"column":72},"end":{"line":33,"column":1}}]},"10":{"type":"branch","line":29,"loc":{"start":{"line":29,"column":72},"end":{"line":31,"column":3}},"locations":[{"start":{"line":29,"column":72},"end":{"line":31,"column":3}}]},"11":{"type":"branch","line":31,"loc":{"start":{"line":31,"column":2},"end":{"line":33,"column":1}},"locations":[{"start":{"line":31,"column":2},"end":{"line":33,"column":1}}]},"12":{"type":"branch","line":35,"loc":{"start":{"line":35,"column":7},"end":{"line":37,"column":1}},"locations":[{"start":{"line":35,"column":7},"end":{"line":37,"column":1}}]},"13":{"type":"branch","line":36,"loc":{"start":{"line":36,"column":25},"end":{"line":36,"column":82}},"locations":[{"start":{"line":36,"column":25},"end":{"line":36,"column":82}}]},"14":{"type":"branch","line":40,"loc":{"start":{"line":40,"column":7},"end":{"line":48,"column":1}},"locations":[{"start":{"line":40,"column":7},"end":{"line":48,"column":1}}]},"15":{"type":"branch","line":41,"loc":{"start":{"line":41,"column":22},"end":{"line":41,"column":69}},"locations":[{"start":{"line":41,"column":22},"end":{"line":41,"column":69}}]},"16":{"type":"branch","line":41,"loc":{"start":{"line":41,"column":69},"end":{"line":43,"column":3}},"locations":[{"start":{"line":41,"column":69},"end":{"line":43,"column":3}}]},"17":{"type":"branch","line":43,"loc":{"start":{"line":43,"column":2},"end":{"line":44,"column":41}},"locations":[{"start":{"line":43,"column":2},"end":{"line":44,"column":41}}]},"18":{"type":"branch","line":44,"loc":{"start":{"line":44,"column":22},"end":{"line":44,"column":72}},"locations":[{"start":{"line":44,"column":22},"end":{"line":44,"column":72}}]},"19":{"type":"branch","line":44,"loc":{"start":{"line":44,"column":72},"end":{"line":46,"column":3}},"locations":[{"start":{"line":44,"column":72},"end":{"line":46,"column":3}}]},"20":{"type":"branch","line":46,"loc":{"start":{"line":46,"column":2},"end":{"line":48,"column":1}},"locations":[{"start":{"line":46,"column":2},"end":{"line":48,"column":1}}]},"21":{"type":"branch","line":50,"loc":{"start":{"line":50,"column":7},"end":{"line":58,"column":1}},"locations":[{"start":{"line":50,"column":7},"end":{"line":58,"column":1}}]},"22":{"type":"branch","line":51,"loc":{"start":{"line":51,"column":33},"end":{"line":53,"column":3}},"locations":[{"start":{"line":51,"column":33},"end":{"line":53,"column":3}}]},"23":{"type":"branch","line":53,"loc":{"start":{"line":53,"column":2},"end":{"line":54,"column":40}},"locations":[{"start":{"line":53,"column":2},"end":{"line":54,"column":40}}]},"24":{"type":"branch","line":54,"loc":{"start":{"line":54,"column":40},"end":{"line":56,"column":3}},"locations":[{"start":{"line":54,"column":40},"end":{"line":56,"column":3}}]},"25":{"type":"branch","line":56,"loc":{"start":{"line":56,"column":2},"end":{"line":58,"column":1}},"locations":[{"start":{"line":56,"column":2},"end":{"line":58,"column":1}}]},"26":{"type":"branch","line":60,"loc":{"start":{"line":60,"column":7},"end":{"line":62,"column":1}},"locations":[{"start":{"line":60,"column":7},"end":{"line":62,"column":1}}]},"27":{"type":"branch","line":64,"loc":{"start":{"line":64,"column":7},"end":{"line":66,"column":1}},"locations":[{"start":{"line":64,"column":7},"end":{"line":66,"column":1}}]}},"b":{"0":[262],"1":[6],"2":[308],"3":[30],"4":[278],"5":[67],"6":[307],"7":[211],"8":[24],"9":[307],"10":[211],"11":[0],"12":[308],"13":[67],"14":[55],"15":[50],"16":[17],"17":[38],"18":[5],"19":[38],"20":[0],"21":[53],"22":[5],"23":[48],"24":[13],"25":[35],"26":[616],"27":[52]},"fnMap":{"0":{"name":"isValidDisplay","decl":{"start":{"line":13,"column":7},"end":{"line":15,"column":1}},"loc":{"start":{"line":13,"column":7},"end":{"line":15,"column":1}},"line":13},"1":{"name":"isBinaryOperation","decl":{"start":{"line":17,"column":7},"end":{"line":19,"column":1}},"loc":{"start":{"line":17,"column":7},"end":{"line":19,"column":1}},"line":17},"2":{"name":"isBinaryOpDisabled","decl":{"start":{"line":22,"column":7},"end":{"line":33,"column":1}},"loc":{"start":{"line":22,"column":7},"end":{"line":33,"column":1}},"line":22},"3":{"name":"isSelectedOperation","decl":{"start":{"line":35,"column":7},"end":{"line":37,"column":1}},"loc":{"start":{"line":35,"column":7},"end":{"line":37,"column":1}},"line":35},"4":{"name":"isSqrtDisabled","decl":{"start":{"line":40,"column":7},"end":{"line":48,"column":1}},"loc":{"start":{"line":40,"column":7},"end":{"line":48,"column":1}},"line":40},"5":{"name":"isEqualsDisabled","decl":{"start":{"line":50,"column":7},"end":{"line":58,"column":1}},"loc":{"start":{"line":50,"column":7},"end":{"line":58,"column":1}},"line":50},"6":{"name":"isDigitDisabled","decl":{"start":{"line":60,"column":7},"end":{"line":62,"column":1}},"loc":{"start":{"line":60,"column":7},"end":{"line":62,"column":1}},"line":60},"7":{"name":"isClearDisabled","decl":{"start":{"line":64,"column":7},"end":{"line":66,"column":1}},"loc":{"start":{"line":64,"column":7},"end":{"line":66,"column":1}},"line":64},"8":{"name":"canStartNewEntryFromResult","decl":{"start":{"line":68,"column":7},"end":{"line":70,"column":1}},"loc":{"start":{"line":68,"column":7},"end":{"line":70,"column":1}},"line":68}},"f":{"0":262,"1":6,"2":308,"3":308,"4":55,"5":53,"6":616,"7":52,"8":0}}
,"C:\\git\\calculator\\frontend\\src\\utils\\display.ts": {"path":"C:\\git\\calculator\\frontend\\src\\utils\\display.ts","all":false,"statementMap":{"0":{"start":{"line":1,"column":0},"end":{"line":1,"column":62}},"1":{"start":{"line":2,"column":0},"end":{"line":2,"column":33}},"2":{"start":{"line":3,"column":0},"end":{"line":3,"column":61}},"3":{"start":{"line":4,"column":0},"end":{"line":4,"column":16}},"4":{"start":{"line":5,"column":0},"end":{"line":5,"column":3}},"5":{"start":{"line":6,"column":0},"end":{"line":6,"column":32}},"6":{"start":{"line":7,"column":0},"end":{"line":7,"column":32}},"7":{"start":{"line":8,"column":0},"end":{"line":8,"column":16}},"8":{"start":{"line":9,"column":0},"end":{"line":9,"column":3}},"9":{"start":{"line":10,"column":0},"end":{"line":10,"column":15}},"10":{"start":{"line":11,"column":0},"end":{"line":11,"column":1}},"12":{"start":{"line":13,"column":0},"end":{"line":13,"column":53}},"13":{"start":{"line":14,"column":0},"end":{"line":14,"column":32}},"14":{"start":{"line":15,"column":0},"end":{"line":15,"column":25}},"15":{"start":{"line":16,"column":0},"end":{"line":16,"column":3}},"16":{"start":{"line":17,"column":0},"end":{"line":17,"column":59}},"17":{"start":{"line":18,"column":0},"end":{"line":18,"column":25}},"18":{"start":{"line":19,"column":0},"end":{"line":19,"column":1}},"20":{"start":{"line":21,"column":0},"end":{"line":21,"column":69}},"21":{"start":{"line":22,"column":0},"end":{"line":22,"column":42}},"22":{"start":{"line":23,"column":0},"end":{"line":23,"column":17}},"23":{"start":{"line":24,"column":0},"end":{"line":24,"column":3}},"24":{"start":{"line":25,"column":0},"end":{"line":25,"column":25}},"25":{"start":{"line":26,"column":0},"end":{"line":26,"column":1}},"27":{"start":{"line":28,"column":0},"end":{"line":28,"column":56}},"28":{"start":{"line":29,"column":0},"end":{"line":29,"column":30}},"29":{"start":{"line":30,"column":0},"end":{"line":30,"column":19}},"30":{"start":{"line":31,"column":0},"end":{"line":31,"column":3}},"31":{"start":{"line":32,"column":0},"end":{"line":32,"column":42}},"32":{"start":{"line":33,"column":0},"end":{"line":33,"column":16}},"33":{"start":{"line":34,"column":0},"end":{"line":34,"column":3}},"34":{"start":{"line":35,"column":0},"end":{"line":35,"column":23}},"35":{"start":{"line":36,"column":0},"end":{"line":36,"column":1}},"37":{"start":{"line":38,"column":0},"end":{"line":38,"column":59}},"38":{"start":{"line":39,"column":0},"end":{"line":39,"column":28}},"39":{"start":{"line":40,"column":0},"end":{"line":40,"column":15}},"40":{"start":{"line":41,"column":0},"end":{"line":41,"column":3}},"41":{"start":{"line":42,"column":0},"end":{"line":42,"column":30}},"42":{"start":{"line":43,"column":0},"end":{"line":43,"column":1}}},"s":{"0":1,"1":275,"2":275,"3":8,"4":8,"5":267,"6":275,"7":0,"8":0,"9":267,"10":267,"12":1,"13":5,"14":5,"15":5,"16":0,"17":0,"18":0,"20":1,"21":22,"22":15,"23":15,"24":7,"25":7,"27":1,"28":2,"29":1,"30":1,"31":2,"32":0,"33":0,"34":1,"35":1,"37":1,"38":2,"39":1,"40":1,"41":1,"42":1},"branchMap":{"0":{"type":"branch","line":1,"loc":{"start":{"line":1,"column":7},"end":{"line":11,"column":1}},"locations":[{"start":{"line":1,"column":7},"end":{"line":11,"column":1}}]},"1":{"type":"branch","line":3,"loc":{"start":{"line":3,"column":18},"end":{"line":3,"column":43}},"locations":[{"start":{"line":3,"column":18},"end":{"line":3,"column":43}}]},"2":{"type":"branch","line":3,"loc":{"start":{"line":3,"column":36},"end":{"line":3,"column":60}},"locations":[{"start":{"line":3,"column":36},"end":{"line":3,"column":60}}]},"3":{"type":"branch","line":3,"loc":{"start":{"line":3,"column":60},"end":{"line":7,"column":31}},"locations":[{"start":{"line":3,"column":60},"end":{"line":7,"column":31}}]},"4":{"type":"branch","line":3,"loc":{"start":{"line":3,"column":60},"end":{"line":5,"column":3}},"locations":[{"start":{"line":3,"column":60},"end":{"line":5,"column":3}}]},"5":{"type":"branch","line":5,"loc":{"start":{"line":5,"column":2},"end":{"line":7,"column":31}},"locations":[{"start":{"line":5,"column":2},"end":{"line":7,"column":31}}]},"6":{"type":"branch","line":7,"loc":{"start":{"line":7,"column":31},"end":{"line":9,"column":3}},"locations":[{"start":{"line":7,"column":31},"end":{"line":9,"column":3}}]},"7":{"type":"branch","line":9,"loc":{"start":{"line":9,"column":2},"end":{"line":11,"column":1}},"locations":[{"start":{"line":9,"column":2},"end":{"line":11,"column":1}}]},"8":{"type":"branch","line":13,"loc":{"start":{"line":13,"column":7},"end":{"line":19,"column":1}},"locations":[{"start":{"line":13,"column":7},"end":{"line":19,"column":1}}]},"9":{"type":"branch","line":16,"loc":{"start":{"line":16,"column":2},"end":{"line":19,"column":1}},"locations":[{"start":{"line":16,"column":2},"end":{"line":19,"column":1}}]},"10":{"type":"branch","line":21,"loc":{"start":{"line":21,"column":7},"end":{"line":26,"column":1}},"locations":[{"start":{"line":21,"column":7},"end":{"line":26,"column":1}}]},"11":{"type":"branch","line":22,"loc":{"start":{"line":22,"column":18},"end":{"line":22,"column":41}},"locations":[{"start":{"line":22,"column":18},"end":{"line":22,"column":41}}]},"12":{"type":"branch","line":22,"loc":{"start":{"line":22,"column":41},"end":{"line":24,"column":3}},"locations":[{"start":{"line":22,"column":41},"end":{"line":24,"column":3}}]},"13":{"type":"branch","line":24,"loc":{"start":{"line":24,"column":2},"end":{"line":26,"column":1}},"locations":[{"start":{"line":24,"column":2},"end":{"line":26,"column":1}}]},"14":{"type":"branch","line":28,"loc":{"start":{"line":28,"column":7},"end":{"line":36,"column":1}},"locations":[{"start":{"line":28,"column":7},"end":{"line":36,"column":1}}]},"15":{"type":"branch","line":29,"loc":{"start":{"line":29,"column":29},"end":{"line":32,"column":41}},"locations":[{"start":{"line":29,"column":29},"end":{"line":32,"column":41}}]},"16":{"type":"branch","line":32,"loc":{"start":{"line":32,"column":41},"end":{"line":34,"column":3}},"locations":[{"start":{"line":32,"column":41},"end":{"line":34,"column":3}}]},"17":{"type":"branch","line":34,"loc":{"start":{"line":34,"column":2},"end":{"line":36,"column":1}},"locations":[{"start":{"line":34,"column":2},"end":{"line":36,"column":1}}]},"18":{"type":"branch","line":38,"loc":{"start":{"line":38,"column":7},"end":{"line":43,"column":1}},"locations":[{"start":{"line":38,"column":7},"end":{"line":43,"column":1}}]},"19":{"type":"branch","line":39,"loc":{"start":{"line":39,"column":27},"end":{"line":43,"column":1}},"locations":[{"start":{"line":39,"column":27},"end":{"line":43,"column":1}}]}},"b":{"0":[275],"1":[267],"2":[267],"3":[274],"4":[8],"5":[267],"6":[0],"7":[267],"8":[5],"9":[0],"10":[22],"11":[18],"12":[15],"13":[7],"14":[2],"15":[1],"16":[0],"17":[1],"18":[2],"19":[1]},"fnMap":{"0":{"name":"parseDisplay","decl":{"start":{"line":1,"column":7},"end":{"line":11,"column":1}},"loc":{"start":{"line":1,"column":7},"end":{"line":11,"column":1}},"line":1},"1":{"name":"formatResult","decl":{"start":{"line":13,"column":7},"end":{"line":19,"column":1}},"loc":{"start":{"line":13,"column":7},"end":{"line":19,"column":1}},"line":13},"2":{"name":"appendDigit","decl":{"start":{"line":21,"column":7},"end":{"line":26,"column":1}},"loc":{"start":{"line":21,"column":7},"end":{"line":26,"column":1}},"line":21},"3":{"name":"appendDecimal","decl":{"start":{"line":28,"column":7},"end":{"line":36,"column":1}},"loc":{"start":{"line":28,"column":7},"end":{"line":36,"column":1}},"line":28},"4":{"name":"backspaceDisplay","decl":{"start":{"line":38,"column":7},"end":{"line":43,"column":1}},"loc":{"start":{"line":38,"column":7},"end":{"line":43,"column":1}},"line":38}},"f":{"0":275,"1":5,"2":22,"3":2,"4":2}}
}
